#
# There is insufficient memory for the Java Runtime Environment to continue.
# Native memory allocation (mmap) failed to map 85983232 bytes for committing reserved memory.
# Possible reasons:
#   The system is out of physical RAM or swap space
#   In 32 bit mode, the process size limit was hit
# Possible solutions:
#   Reduce memory load on the system
#   Increase physical memory or swap space
#   Check if swap backing store is full
#   Use 64 bit Java on a 64 bit OS
#   Decrease Java heap size (-Xmx/-Xms)
#   Decrease number of Java threads
#   Decrease Java thread stack sizes (-Xss)
#   Set larger code cache with -XX:ReservedCodeCacheSize=
# This output file may be truncated or incomplete.
#
#  Out of Memory Error (os_linux.cpp:2630), pid=8590, tid=139753281967872
#
# JRE version: OpenJDK Runtime Environment (8.0_91-b14) (build 1.8.0_91-8u91-b14-3ubuntu1~16.04.1-b14)
# Java VM: OpenJDK 64-Bit Server VM (25.91-b14 mixed mode linux-amd64 compressed oops)
# Failed to write core dump. Core dumps have been disabled. To enable core dumping, try "ulimit -c unlimited" before starting Java again
#

---------------  T H R E A D  ---------------

Current thread (0x00007f1aec077800):  VMThread [stack: 0x00007f1ad8aa5000,0x00007f1ad8ba6000] [id=8601]

Stack: [0x00007f1ad8aa5000,0x00007f1ad8ba6000],  sp=0x00007f1ad8ba44c0,  free space=1021k
Native frames: (J=compiled Java code, j=interpreted, Vv=VM code, C=native code)
V  [libjvm.so+0xa5de1b]
V  [libjvm.so+0x4c178c]
V  [libjvm.so+0x8ae9d0]
V  [libjvm.so+0x8a8e4e]
V  [libjvm.so+0x922f46]
V  [libjvm.so+0x924273]
V  [libjvm.so+0x920923]
V  [libjvm.so+0x920bec]
V  [libjvm.so+0x8d3263]
V  [libjvm.so+0xa5fad2]
V  [libjvm.so+0xa64b57]
V  [libjvm.so+0xa62327]
V  [libjvm.so+0xa637af]
V  [libjvm.so+0xa63ca1]
V  [libjvm.so+0x8abeb2]

VM_Operation (0x00007f1ad33bed50): ParallelGCFailedAllocation, mode: safepoint, requested by thread 0x00007f1aec18b800


---------------  P R O C E S S  ---------------

Java Threads: ( => current thread )
  0x00007f1aec18d000 JavaThread "pool-1-thread-4" [_thread_blocked, id=8614, stack(0x00007f1ad31bf000,0x00007f1ad32c0000)]
  0x00007f1aec18b800 JavaThread "pool-1-thread-3" [_thread_blocked, id=8613, stack(0x00007f1ad32c0000,0x00007f1ad33c1000)]
  0x00007f1aec187800 JavaThread "pool-1-thread-2" [_thread_blocked, id=8612, stack(0x00007f1ad33c1000,0x00007f1ad34c2000)]
  0x00007f1aec17c800 JavaThread "pool-2-thread-1" [_thread_blocked, id=8611, stack(0x00007f1ad8050000,0x00007f1ad8151000)]
  0x00007f1aec179800 JavaThread "pool-1-thread-1" [_thread_blocked, id=8610, stack(0x00007f1ad8151000,0x00007f1ad8252000)]
  0x00007f1aec0ba000 JavaThread "Service Thread" daemon [_thread_blocked, id=8608, stack(0x00007f1ad839e000,0x00007f1ad849f000)]
  0x00007f1aec0b2800 JavaThread "C1 CompilerThread2" daemon [_thread_blocked, id=8607, stack(0x00007f1ad849f000,0x00007f1ad85a0000)]
  0x00007f1aec0b0800 JavaThread "C2 CompilerThread1" daemon [_thread_blocked, id=8606, stack(0x00007f1ad85a0000,0x00007f1ad86a1000)]
  0x00007f1aec0ae000 JavaThread "C2 CompilerThread0" daemon [_thread_blocked, id=8605, stack(0x00007f1ad86a1000,0x00007f1ad87a2000)]
  0x00007f1aec0ac000 JavaThread "Signal Dispatcher" daemon [_thread_blocked, id=8604, stack(0x00007f1ad87a2000,0x00007f1ad88a3000)]
  0x00007f1aec083800 JavaThread "Finalizer" daemon [_thread_blocked, id=8603, stack(0x00007f1ad88a3000,0x00007f1ad89a4000)]
  0x00007f1aec07f000 JavaThread "Reference Handler" daemon [_thread_blocked, id=8602, stack(0x00007f1ad89a4000,0x00007f1ad8aa5000)]
  0x00007f1aec00a000 JavaThread "main" [_thread_blocked, id=8596, stack(0x00007f1af3841000,0x00007f1af3942000)]

Other Threads:
=>0x00007f1aec077800 VMThread [stack: 0x00007f1ad8aa5000,0x00007f1ad8ba6000] [id=8601]
  0x00007f1aec0bc800 WatcherThread [stack: 0x00007f1ad829d000,0x00007f1ad839e000] [id=8609]

VM state:at safepoint (normal execution)

VM Mutex/Monitor currently owned by a thread:  ([mutex/lock_event])
[0x00007f1aec006760] Threads_lock - owner thread: 0x00007f1aec077800
[0x00007f1aec006c60] Heap_lock - owner thread: 0x00007f1aec18b800

Heap:
 PSYoungGen      total 135168K, used 16369K [0x00000000eab00000, 0x00000000f4300000, 0x0000000100000000)
  eden space 118784K, 0% used [0x00000000eab00000,0x00000000eab00000,0x00000000f1f00000)
  from space 16384K, 99% used [0x00000000f1f00000,0x00000000f2efc4c0,0x00000000f2f00000)
  to   space 12288K, 0% used [0x00000000f2f00000,0x00000000f2f00000,0x00000000f3b00000)
 ParOldGen       total 45056K, used 43472K [0x00000000c0000000, 0x00000000c2c00000, 0x00000000eab00000)
  object space 45056K, 96% used [0x00000000c0000000,0x00000000c2a741e0,0x00000000c2c00000)
 Metaspace       used 6121K, capacity 7152K, committed 7296K, reserved 1056768K
  class space    used 572K, capacity 616K, committed 640K, reserved 1048576K

Card table byte_map: [0x00007f1af00c8000,0x00007f1af02c9000] byte_map_base: 0x00007f1aefac8000

Marking Bits: (ParMarkBitMap*) 0x00007f1af2b0ffc0
 Begin Bits: [0x00007f1ada6e6000, 0x00007f1adb6e6000)
 End Bits:   [0x00007f1adb6e6000, 0x00007f1adc6e6000)

Polling page: 0x00007f1af3961000

CodeCache: size=245760Kb used=8041Kb max_used=8041Kb free=237718Kb
 bounds [0x00007f1add000000, 0x00007f1add7f0000, 0x00007f1aec000000]
 total_blobs=2220 nmethods=1961 adapters=175
 compilation: enabled

Compilation events (10 events):
Event: 6.920 Thread 0x00007f1aec0b2800 nmethod 2069 0x00007f1add7afb50 code [0x00007f1add7afce0, 0x00007f1add7b0048]
Event: 6.954 Thread 0x00007f1aec0b2800 2072       2       java.io.UnixFileSystem::resolve (103 bytes)
Event: 6.956 Thread 0x00007f1aec0b2800 nmethod 2072 0x00007f1add7d0550 code [0x00007f1add7d07a0, 0x00007f1add7d10b8]
Event: 6.956 Thread 0x00007f1aec0b2800 2073       2       com.android.dx.cf.direct.ClassPathOpener$2::compare (13 bytes)
Event: 6.956 Thread 0x00007f1aec0b2800 nmethod 2073 0x00007f1add7d6090 code [0x00007f1add7d6220, 0x00007f1add7d6448]
Event: 6.972 Thread 0x00007f1aec0b2800 2077   !   2       com.android.dx.rop.cst.CstType::intern (48 bytes)
Event: 6.973 Thread 0x00007f1aec0b2800 nmethod 2077 0x00007f1add7d5490 code [0x00007f1add7d5640, 0x00007f1add7d5b48]
Event: 6.975 Thread 0x00007f1aec0b2800 2079       3       com.android.dx.dex.file.AnnotationUtils::makeSignature (251 bytes)
Event: 6.982 Thread 0x00007f1aec0b2800 nmethod 2079 0x00007f1add7db490 code [0x00007f1add7db900, 0x00007f1add7de308]
Event: 6.982 Thread 0x00007f1aec0b2800 2078       2       com.android.dx.cf.direct.StdAttributeFactory::innerClasses (383 bytes)

GC Heap History (10 events):
Event: 2.944 GC heap after
Heap after GC invocations=4 (full 0):
 PSYoungGen      total 32768K, used 2035K [0x00000000eab00000, 0x00000000ecd00000, 0x0000000100000000)
  eden space 30720K, 0% used [0x00000000eab00000,0x00000000eab00000,0x00000000ec900000)
  from space 2048K, 99% used [0x00000000ecb00000,0x00000000eccfceb8,0x00000000ecd00000)
  to   space 2048K, 0% used [0x00000000ec900000,0x00000000ec900000,0x00000000ecb00000)
 ParOldGen       total 39936K, used 11799K [0x00000000c0000000, 0x00000000c2700000, 0x00000000eab00000)
  object space 39936K, 29% used [0x00000000c0000000,0x00000000c0b85d48,0x00000000c2700000)
 Metaspace       used 5614K, capacity 6832K, committed 7040K, reserved 1056768K
  class space    used 550K, capacity 616K, committed 640K, reserved 1048576K
}
Event: 3.227 GC heap before
{Heap before GC invocations=5 (full 0):
 PSYoungGen      total 32768K, used 32755K [0x00000000eab00000, 0x00000000ecd00000, 0x0000000100000000)
  eden space 30720K, 100% used [0x00000000eab00000,0x00000000ec900000,0x00000000ec900000)
  from space 2048K, 99% used [0x00000000ecb00000,0x00000000eccfceb8,0x00000000ecd00000)
  to   space 2048K, 0% used [0x00000000ec900000,0x00000000ec900000,0x00000000ecb00000)
 ParOldGen       total 39936K, used 11799K [0x00000000c0000000, 0x00000000c2700000, 0x00000000eab00000)
  object space 39936K, 29% used [0x00000000c0000000,0x00000000c0b85d48,0x00000000c2700000)
 Metaspace       used 5677K, capacity 6896K, committed 7040K, reserved 1056768K
  class space    used 550K, capacity 616K, committed 640K, reserved 1048576K
Event: 3.246 GC heap after
Heap after GC invocations=5 (full 0):
 PSYoungGen      total 32768K, used 2044K [0x00000000eab00000, 0x00000000ef600000, 0x0000000100000000)
  eden space 30720K, 0% used [0x00000000eab00000,0x00000000eab00000,0x00000000ec900000)
  from space 2048K, 99% used [0x00000000ec900000,0x00000000ecaff058,0x00000000ecb00000)
  to   space 7680K, 0% used [0x00000000eee80000,0x00000000eee80000,0x00000000ef600000)
 ParOldGen       total 39936K, used 16853K [0x00000000c0000000, 0x00000000c2700000, 0x00000000eab00000)
  object space 39936K, 42% used [0x00000000c0000000,0x00000000c1075588,0x00000000c2700000)
 Metaspace       used 5677K, capacity 6896K, committed 7040K, reserved 1056768K
  class space    used 550K, capacity 616K, committed 640K, reserved 1048576K
}
Event: 3.461 GC heap before
{Heap before GC invocations=6 (full 0):
 PSYoungGen      total 32768K, used 32764K [0x00000000eab00000, 0x00000000ef600000, 0x0000000100000000)
  eden space 30720K, 100% used [0x00000000eab00000,0x00000000ec900000,0x00000000ec900000)
  from space 2048K, 99% used [0x00000000ec900000,0x00000000ecaff058,0x00000000ecb00000)
  to   space 7680K, 0% used [0x00000000eee80000,0x00000000eee80000,0x00000000ef600000)
 ParOldGen       total 39936K, used 16853K [0x00000000c0000000, 0x00000000c2700000, 0x00000000eab00000)
  object space 39936K, 42% used [0x00000000c0000000,0x00000000c1075588,0x00000000c2700000)
 Metaspace       used 5677K, capacity 6896K, committed 7040K, reserved 1056768K
  class space    used 550K, capacity 616K, committed 640K, reserved 1048576K
Event: 3.491 GC heap after
Heap after GC invocations=6 (full 0):
 PSYoungGen      total 69120K, used 6647K [0x00000000eab00000, 0x00000000ef600000, 0x0000000100000000)
  eden space 61440K, 0% used [0x00000000eab00000,0x00000000eab00000,0x00000000ee700000)
  from space 7680K, 86% used [0x00000000eee80000,0x00000000ef4fdd08,0x00000000ef600000)
  to   space 7680K, 0% used [0x00000000ee700000,0x00000000ee700000,0x00000000eee80000)
 ParOldGen       total 39936K, used 16853K [0x00000000c0000000, 0x00000000c2700000, 0x00000000eab00000)
  object space 39936K, 42% used [0x00000000c0000000,0x00000000c1075588,0x00000000c2700000)
 Metaspace       used 5677K, capacity 6896K, committed 7040K, reserved 1056768K
  class space    used 550K, capacity 616K, committed 640K, reserved 1048576K
}
Event: 4.055 GC heap before
{Heap before GC invocations=7 (full 0):
 PSYoungGen      total 69120K, used 68087K [0x00000000eab00000, 0x00000000ef600000, 0x0000000100000000)
  eden space 61440K, 100% used [0x00000000eab00000,0x00000000ee700000,0x00000000ee700000)
  from space 7680K, 86% used [0x00000000eee80000,0x00000000ef4fdd08,0x00000000ef600000)
  to   space 7680K, 0% used [0x00000000ee700000,0x00000000ee700000,0x00000000eee80000)
 ParOldGen       total 39936K, used 16853K [0x00000000c0000000, 0x00000000c2700000, 0x00000000eab00000)
  object space 39936K, 42% used [0x00000000c0000000,0x00000000c1075588,0x00000000c2700000)
 Metaspace       used 5759K, capacity 6960K, committed 7040K, reserved 1056768K
  class space    used 554K, capacity 616K, committed 640K, reserved 1048576K
Event: 4.134 GC heap after
Heap after GC invocations=7 (full 0):
 PSYoungGen      total 69120K, used 7652K [0x00000000eab00000, 0x00000000f3b00000, 0x0000000100000000)
  eden space 61440K, 0% used [0x00000000eab00000,0x00000000eab00000,0x00000000ee700000)
  from space 7680K, 99% used [0x00000000ee700000,0x00000000eee79100,0x00000000eee80000)
  to   space 12288K, 0% used [0x00000000f2f00000,0x00000000f2f00000,0x00000000f3b00000)
 ParOldGen       total 39936K, used 24504K [0x00000000c0000000, 0x00000000c2700000, 0x00000000eab00000)
  object space 39936K, 61% used [0x00000000c0000000,0x00000000c17ee390,0x00000000c2700000)
 Metaspace       used 5759K, capacity 6960K, committed 7040K, reserved 1056768K
  class space    used 554K, capacity 616K, committed 640K, reserved 1048576K
}
Event: 4.667 GC heap before
{Heap before GC invocations=8 (full 0):
 PSYoungGen      total 69120K, used 69092K [0x00000000eab00000, 0x00000000f3b00000, 0x0000000100000000)
  eden space 61440K, 100% used [0x00000000eab00000,0x00000000ee700000,0x00000000ee700000)
  from space 7680K, 99% used [0x00000000ee700000,0x00000000eee79100,0x00000000eee80000)
  to   space 12288K, 0% used [0x00000000f2f00000,0x00000000f2f00000,0x00000000f3b00000)
 ParOldGen       total 39936K, used 24504K [0x00000000c0000000, 0x00000000c2700000, 0x00000000eab00000)
  object space 39936K, 61% used [0x00000000c0000000,0x00000000c17ee390,0x00000000c2700000)
 Metaspace       used 5927K, capacity 7024K, committed 7296K, reserved 1056768K
  class space    used 572K, capacity 616K, committed 640K, reserved 1048576K
Event: 4.721 GC heap after
Heap after GC invocations=8 (full 0):
 PSYoungGen      total 131072K, used 12282K [0x00000000eab00000, 0x00000000f4300000, 0x0000000100000000)
  eden space 118784K, 0% used [0x00000000eab00000,0x00000000eab00000,0x00000000f1f00000)
  from space 12288K, 99% used [0x00000000f2f00000,0x00000000f3afe9b8,0x00000000f3b00000)
  to   space 16384K, 0% used [0x00000000f1f00000,0x00000000f1f00000,0x00000000f2f00000)
 ParOldGen       total 39936K, used 29466K [0x00000000c0000000, 0x00000000c2700000, 0x00000000eab00000)
  object space 39936K, 73% used [0x00000000c0000000,0x00000000c1cc6b30,0x00000000c2700000)
 Metaspace       used 5927K, capacity 7024K, committed 7296K, reserved 1056768K
  class space    used 572K, capacity 616K, committed 640K, reserved 1048576K
}
Event: 6.991 GC heap before
{Heap before GC invocations=9 (full 0):
 PSYoungGen      total 131072K, used 131066K [0x00000000eab00000, 0x00000000f4300000, 0x0000000100000000)
  eden space 118784K, 100% used [0x00000000eab00000,0x00000000f1f00000,0x00000000f1f00000)
  from space 12288K, 99% used [0x00000000f2f00000,0x00000000f3afe9b8,0x00000000f3b00000)
  to   space 16384K, 0% used [0x00000000f1f00000,0x00000000f1f00000,0x00000000f2f00000)
 ParOldGen       total 39936K, used 29466K [0x00000000c0000000, 0x00000000c2700000, 0x00000000eab00000)
  object space 39936K, 73% used [0x00000000c0000000,0x00000000c1cc6b30,0x00000000c2700000)
 Metaspace       used 6121K, capacity 7152K, committed 7296K, reserved 1056768K
  class space    used 572K, capacity 616K, committed 640K, reserved 1048576K

Deoptimization events (10 events):
Event: 4.424 Thread 0x00007f1aec187800 Uncommon trap: reason=class_check action=maybe_recompile pc=0x00007f1add602fa0 method=com.android.dx.ssa.SsaMethod.isRegALocal(Lcom/android/dx/rop/code/RegisterSpec;)Z @ 16
Event: 4.424 Thread 0x00007f1aec187800 Uncommon trap: reason=class_check action=maybe_recompile pc=0x00007f1add602fa0 method=com.android.dx.ssa.SsaMethod.isRegALocal(Lcom/android/dx/rop/code/RegisterSpec;)Z @ 16
Event: 4.424 Thread 0x00007f1aec187800 Uncommon trap: reason=class_check action=maybe_recompile pc=0x00007f1add602fa0 method=com.android.dx.ssa.SsaMethod.isRegALocal(Lcom/android/dx/rop/code/RegisterSpec;)Z @ 16
Event: 4.561 Thread 0x00007f1aec00a000 Uncommon trap: reason=unstable_if action=reinterpret pc=0x00007f1add3a69bc method=java.util.HashMap.getNode(ILjava/lang/Object;)Ljava/util/HashMap$Node; @ 84
Event: 4.561 Thread 0x00007f1aec00a000 Uncommon trap: reason=unstable_if action=reinterpret pc=0x00007f1add3bb80c method=java.util.HashMap.getNode(ILjava/lang/Object;)Ljava/util/HashMap$Node; @ 84
Event: 4.924 Thread 0x00007f1aec18b800 Uncommon trap: reason=bimorphic action=maybe_recompile pc=0x00007f1add699af4 method=com.android.dx.cf.code.BytecodeArray.parseInstruction(ILcom/android/dx/cf/code/BytecodeArray$Visitor;)I @ 2281
Event: 4.925 Thread 0x00007f1aec18b800 Uncommon trap: reason=bimorphic action=maybe_recompile pc=0x00007f1add699af4 method=com.android.dx.cf.code.BytecodeArray.parseInstruction(ILcom/android/dx/cf/code/BytecodeArray$Visitor;)I @ 2281
Event: 4.963 Thread 0x00007f1aec187800 Uncommon trap: reason=bimorphic action=maybe_recompile pc=0x00007f1add69c3fc method=com.android.dx.cf.code.BytecodeArray.parseInstruction(ILcom/android/dx/cf/code/BytecodeArray$Visitor;)I @ 2554
Event: 4.967 Thread 0x00007f1aec187800 Uncommon trap: reason=bimorphic action=maybe_recompile pc=0x00007f1add69c3fc method=com.android.dx.cf.code.BytecodeArray.parseInstruction(ILcom/android/dx/cf/code/BytecodeArray$Visitor;)I @ 2554
Event: 6.902 Thread 0x00007f1aec179800 Uncommon trap: reason=unstable_if action=reinterpret pc=0x00007f1add7b274c method=com.android.dx.ssa.SsaRenamer$BlockRenamer.addMapping(ILcom/android/dx/rop/code/RegisterSpec;)V @ 120

Internal exceptions (6 events):
Event: 0.361 Thread 0x00007f1aec00a000 Exception <a 'java/lang/NoSuchMethodError': Method sun.misc.Unsafe.defineClass(Ljava/lang/String;[BII)Ljava/lang/Class; name or signature does not match> (0x00000000eab07cc0) thrown at [/build/openjdk-8-W1Ghxo/openjdk-8-8u91-b14/src/hotspot/src/share/vm/p
Event: 0.375 Thread 0x00007f1aec00a000 Exception <a 'java/lang/NoSuchMethodError': Method sun.misc.Unsafe.prefetchRead(Ljava/lang/Object;J)V name or signature does not match> (0x00000000eab07fa8) thrown at [/build/openjdk-8-W1Ghxo/openjdk-8-8u91-b14/src/hotspot/src/share/vm/prims/jni.cpp, line
Event: 2.344 Thread 0x00007f1aec18b800 Implicit null exception at 0x00007f1add303d22 to 0x00007f1add303e13
Event: 4.387 Thread 0x00007f1aec18b800 Exception <a 'java/lang/ArrayIndexOutOfBoundsException': 18> (0x00000000ec6e1c08) thrown at [/build/openjdk-8-W1Ghxo/openjdk-8-8u91-b14/src/hotspot/src/share/vm/interpreter/interpreterRuntime.cpp, line 366]
Event: 4.388 Thread 0x00007f1aec18b800 Exception <a 'java/lang/ArrayIndexOutOfBoundsException': 145> (0x00000000ec6e3788) thrown at [/build/openjdk-8-W1Ghxo/openjdk-8-8u91-b14/src/hotspot/src/share/vm/interpreter/interpreterRuntime.cpp, line 366]
Event: 4.420 Thread 0x00007f1aec18b800 Exception <a 'java/lang/ArrayIndexOutOfBoundsException'> (0x00000000ec6e4a70) thrown at [/build/openjdk-8-W1Ghxo/openjdk-8-8u91-b14/src/hotspot/src/share/vm/runtime/sharedRuntime.cpp, line 605]

Events (10 events):
Event: 6.535 Thread 0x00007f1aec18b800 DEOPT PACKING pc=0x00007f1add28a455 sp=0x00007f1ad33bee90
Event: 6.535 Thread 0x00007f1aec18b800 DEOPT UNPACKING pc=0x00007f1add046f73 sp=0x00007f1ad33bec90 mode 0
Event: 6.584 Thread 0x00007f1aec18d000 DEOPT PACKING pc=0x00007f1add30e13d sp=0x00007f1ad32bddc0
Event: 6.584 Thread 0x00007f1aec18d000 DEOPT UNPACKING pc=0x00007f1add046f73 sp=0x00007f1ad32bdb78 mode 0
Event: 6.902 Thread 0x00007f1aec179800 Uncommon trap: trap_request=0xffffff65 fr.pc=0x00007f1add7b274c
Event: 6.902 Thread 0x00007f1aec179800 DEOPT PACKING pc=0x00007f1add7b274c sp=0x00007f1ad824fe50
Event: 6.902 Thread 0x00007f1aec179800 DEOPT UNPACKING pc=0x00007f1add004f69 sp=0x00007f1ad824fde0 mode 2
Event: 6.974 Thread 0x00007f1aec187800 DEOPT PACKING pc=0x00007f1add668ffa sp=0x00007f1ad34c0220
Event: 6.974 Thread 0x00007f1aec187800 DEOPT UNPACKING pc=0x00007f1add046f73 sp=0x00007f1ad34c0070 mode 0
Event: 6.989 Executing VM operation: ParallelGCFailedAllocation


Dynamic libraries:
00400000-00401000 r-xp 00000000 08:02 2894770                            /usr/lib/jvm/java-8-openjdk-amd64/jre/bin/java
00600000-00601000 r--p 00000000 08:02 2894770                            /usr/lib/jvm/java-8-openjdk-amd64/jre/bin/java
00601000-00602000 rw-p 00001000 08:02 2894770                            /usr/lib/jvm/java-8-openjdk-amd64/jre/bin/java
0202a000-0204b000 rw-p 00000000 00:00 0                                  [heap]
c0000000-c2c00000 rw-p 00000000 00:00 0 
c2c00000-eab00000 ---p 00000000 00:00 0 
eab00000-f4300000 rw-p 00000000 00:00 0 
f9500000-100000000 ---p 00000000 00:00 0 
100000000-1000a0000 rw-p 00000000 00:00 0 
1000a0000-140000000 ---p 00000000 00:00 0 
7f1a84000000-7f1a84023000 rw-p 00000000 00:00 0 
7f1a84023000-7f1a88000000 ---p 00000000 00:00 0 
7f1a8c000000-7f1a8c023000 rw-p 00000000 00:00 0 
7f1a8c023000-7f1a90000000 ---p 00000000 00:00 0 
7f1a90000000-7f1a9003d000 rw-p 00000000 00:00 0 
7f1a9003d000-7f1a94000000 ---p 00000000 00:00 0 
7f1a94000000-7f1a94041000 rw-p 00000000 00:00 0 
7f1a94041000-7f1a98000000 ---p 00000000 00:00 0 
7f1a98000000-7f1a98021000 rw-p 00000000 00:00 0 
7f1a98021000-7f1a9c000000 ---p 00000000 00:00 0 
7f1a9c000000-7f1a9c021000 rw-p 00000000 00:00 0 
7f1a9c021000-7f1aa0000000 ---p 00000000 00:00 0 
7f1aa0000000-7f1aa0021000 rw-p 00000000 00:00 0 
7f1aa0021000-7f1aa4000000 ---p 00000000 00:00 0 
7f1aa4000000-7f1aa4ae2000 rw-p 00000000 00:00 0 
7f1aa4ae2000-7f1aa8000000 ---p 00000000 00:00 0 
7f1aa8000000-7f1aa8873000 rw-p 00000000 00:00 0 
7f1aa8873000-7f1aac000000 ---p 00000000 00:00 0 
7f1aac000000-7f1aac021000 rw-p 00000000 00:00 0 
7f1aac021000-7f1ab0000000 ---p 00000000 00:00 0 
7f1ab0000000-7f1ab0ca3000 rw-p 00000000 00:00 0 
7f1ab0ca3000-7f1ab4000000 ---p 00000000 00:00 0 
7f1ab4000000-7f1ab4021000 rw-p 00000000 00:00 0 
7f1ab4021000-7f1ab8000000 ---p 00000000 00:00 0 
7f1ab8000000-7f1ab8021000 rw-p 00000000 00:00 0 
7f1ab8021000-7f1abc000000 ---p 00000000 00:00 0 
7f1abc000000-7f1abc021000 rw-p 00000000 00:00 0 
7f1abc021000-7f1ac0000000 ---p 00000000 00:00 0 
7f1ac0000000-7f1ac0021000 rw-p 00000000 00:00 0 
7f1ac0021000-7f1ac4000000 ---p 00000000 00:00 0 
7f1ac4000000-7f1ac4021000 rw-p 00000000 00:00 0 
7f1ac4021000-7f1ac8000000 ---p 00000000 00:00 0 
7f1acc000000-7f1acc021000 rw-p 00000000 00:00 0 
7f1acc021000-7f1ad0000000 ---p 00000000 00:00 0 
7f1ad31bf000-7f1ad31c2000 ---p 00000000 00:00 0 
7f1ad31c2000-7f1ad32c0000 rw-p 00000000 00:00 0 
7f1ad32c0000-7f1ad32c3000 ---p 00000000 00:00 0 
7f1ad32c3000-7f1ad33c1000 rw-p 00000000 00:00 0 
7f1ad33c1000-7f1ad33c4000 ---p 00000000 00:00 0 
7f1ad33c4000-7f1ad34c2000 rw-p 00000000 00:00 0 
7f1ad34c2000-7f1ad4000000 r--p 00000000 08:02 2891617                    /usr/lib/locale/locale-archive
7f1ad4000000-7f1ad4021000 rw-p 00000000 00:00 0 
7f1ad4021000-7f1ad8000000 ---p 00000000 00:00 0 
7f1ad8050000-7f1ad8053000 ---p 00000000 00:00 0 
7f1ad8053000-7f1ad8151000 rw-p 00000000 00:00 0 
7f1ad8151000-7f1ad8154000 ---p 00000000 00:00 0 
7f1ad8154000-7f1ad8252000 rw-p 00000000 00:00 0 
7f1ad8252000-7f1ad8261000 r--s 000df000 08:03 509586                     /media/nasimxon/083644FE3644EE6E/android-sdk-linux/build-tools/23.0.2/lib/dx.jar
7f1ad8261000-7f1ad8266000 r--s 0003b000 08:02 2894843                    /usr/lib/jvm/java-8-openjdk-amd64/jre/lib/ext/sunjce_provider.jar
7f1ad8266000-7f1ad8281000 r--s 001d7000 08:02 2894837                    /usr/lib/jvm/java-8-openjdk-amd64/jre/lib/ext/nashorn.jar
7f1ad8281000-7f1ad829d000 r--s 00393000 08:02 2894839                    /usr/lib/jvm/java-8-openjdk-amd64/jre/lib/ext/cldrdata.jar
7f1ad829d000-7f1ad829e000 ---p 00000000 00:00 0 
7f1ad829e000-7f1ad839e000 rw-p 00000000 00:00 0 
7f1ad839e000-7f1ad83a1000 ---p 00000000 00:00 0 
7f1ad83a1000-7f1ad849f000 rw-p 00000000 00:00 0 
7f1ad849f000-7f1ad84a2000 ---p 00000000 00:00 0 
7f1ad84a2000-7f1ad85a0000 rw-p 00000000 00:00 0 
7f1ad85a0000-7f1ad85a3000 ---p 00000000 00:00 0 
7f1ad85a3000-7f1ad86a1000 rw-p 00000000 00:00 0 
7f1ad86a1000-7f1ad86a4000 ---p 00000000 00:00 0 
7f1ad86a4000-7f1ad87a2000 rw-p 00000000 00:00 0 
7f1ad87a2000-7f1ad87a5000 ---p 00000000 00:00 0 
7f1ad87a5000-7f1ad88a3000 rw-p 00000000 00:00 0 
7f1ad88a3000-7f1ad88a6000 ---p 00000000 00:00 0 
7f1ad88a6000-7f1ad89a4000 rw-p 00000000 00:00 0 
7f1ad89a4000-7f1ad89a7000 ---p 00000000 00:00 0 
7f1ad89a7000-7f1ad8aa5000 rw-p 00000000 00:00 0 
7f1ad8aa5000-7f1ad8aa6000 ---p 00000000 00:00 0 
7f1ad8aa6000-7f1ad9b18000 rw-p 00000000 00:00 0 
7f1ad9b18000-7f1ad9ce6000 r--s 03beb000 08:02 2894828                    /usr/lib/jvm/java-8-openjdk-amd64/jre/lib/rt.jar
7f1ad9ce6000-7f1ada366000 rw-p 00000000 00:00 0 
7f1ada366000-7f1ada4e6000 ---p 00000000 00:00 0 
7f1ada4e6000-7f1adc6e6000 rw-p 00000000 00:00 0 
7f1adc6e6000-7f1adc6e7000 ---p 00000000 00:00 0 
7f1adc6e7000-7f1adc7e7000 rw-p 00000000 00:00 0 
7f1adc7e7000-7f1adc7e8000 ---p 00000000 00:00 0 
7f1adc7e8000-7f1adc8e8000 rw-p 00000000 00:00 0 
7f1adc8e8000-7f1adc8e9000 ---p 00000000 00:00 0 
7f1adc8e9000-7f1adc9e9000 rw-p 00000000 00:00 0 
7f1adc9e9000-7f1adc9ea000 ---p 00000000 00:00 0 
7f1adc9ea000-7f1adcb00000 rw-p 00000000 00:00 0 
7f1adcb00000-7f1adcc40000 ---p 00000000 00:00 0 
7f1adcc40000-7f1adcc60000 rw-p 00000000 00:00 0 
7f1adcc60000-7f1add000000 ---p 00000000 00:00 0 
7f1add000000-7f1add7f0000 rwxp 00000000 00:00 0 
7f1add7f0000-7f1aec000000 ---p 00000000 00:00 0 
7f1aec000000-7f1aec1e0000 rw-p 00000000 00:00 0 
7f1aec1e0000-7f1af0000000 ---p 00000000 00:00 0 
7f1af0001000-7f1af0005000 r--s 00037000 08:02 2894846                    /usr/lib/jvm/java-8-openjdk-amd64/jre/lib/ext/sunpkcs11.jar
7f1af0005000-7f1af00de000 rw-p 00000000 00:00 0 
7f1af00de000-7f1af021d000 ---p 00000000 00:00 0 
7f1af021d000-7f1af026a000 rw-p 00000000 00:00 0 
7f1af026a000-7f1af02c8000 ---p 00000000 00:00 0 
7f1af02c8000-7f1af02c9000 rw-p 00000000 00:00 0 
7f1af02c9000-7f1af02d1000 r-xp 00000000 08:02 2894799                    /usr/lib/jvm/java-8-openjdk-amd64/jre/lib/amd64/libzip.so
7f1af02d1000-7f1af04d0000 ---p 00008000 08:02 2894799                    /usr/lib/jvm/java-8-openjdk-amd64/jre/lib/amd64/libzip.so
7f1af04d0000-7f1af04d1000 r--p 00007000 08:02 2894799                    /usr/lib/jvm/java-8-openjdk-amd64/jre/lib/amd64/libzip.so
7f1af04d1000-7f1af04d2000 rw-p 00008000 08:02 2894799                    /usr/lib/jvm/java-8-openjdk-amd64/jre/lib/amd64/libzip.so
7f1af04d2000-7f1af04dd000 r-xp 00000000 08:02 529217                     /lib/x86_64-linux-gnu/libnss_files-2.23.so
7f1af04dd000-7f1af06dc000 ---p 0000b000 08:02 529217                     /lib/x86_64-linux-gnu/libnss_files-2.23.so
7f1af06dc000-7f1af06dd000 r--p 0000a000 08:02 529217                     /lib/x86_64-linux-gnu/libnss_files-2.23.so
7f1af06dd000-7f1af06de000 rw-p 0000b000 08:02 529217                     /lib/x86_64-linux-gnu/libnss_files-2.23.so
7f1af06de000-7f1af06e4000 rw-p 00000000 00:00 0 
7f1af06e4000-7f1af06ef000 r-xp 00000000 08:02 529227                     /lib/x86_64-linux-gnu/libnss_nis-2.23.so
7f1af06ef000-7f1af08ee000 ---p 0000b000 08:02 529227                     /lib/x86_64-linux-gnu/libnss_nis-2.23.so
7f1af08ee000-7f1af08ef000 r--p 0000a000 08:02 529227                     /lib/x86_64-linux-gnu/libnss_nis-2.23.so
7f1af08ef000-7f1af08f0000 rw-p 0000b000 08:02 529227                     /lib/x86_64-linux-gnu/libnss_nis-2.23.so
7f1af08f0000-7f1af0906000 r-xp 00000000 08:02 529211                     /lib/x86_64-linux-gnu/libnsl-2.23.so
7f1af0906000-7f1af0b05000 ---p 00016000 08:02 529211                     /lib/x86_64-linux-gnu/libnsl-2.23.so
7f1af0b05000-7f1af0b06000 r--p 00015000 08:02 529211                     /lib/x86_64-linux-gnu/libnsl-2.23.so
7f1af0b06000-7f1af0b07000 rw-p 00016000 08:02 529211                     /lib/x86_64-linux-gnu/libnsl-2.23.so
7f1af0b07000-7f1af0b09000 rw-p 00000000 00:00 0 
7f1af0b09000-7f1af0b11000 r-xp 00000000 08:02 529213                     /lib/x86_64-linux-gnu/libnss_compat-2.23.so
7f1af0b11000-7f1af0d10000 ---p 00008000 08:02 529213                     /lib/x86_64-linux-gnu/libnss_compat-2.23.so
7f1af0d10000-7f1af0d11000 r--p 00007000 08:02 529213                     /lib/x86_64-linux-gnu/libnss_compat-2.23.so
7f1af0d11000-7f1af0d12000 rw-p 00008000 08:02 529213                     /lib/x86_64-linux-gnu/libnss_compat-2.23.so
7f1af0d12000-7f1af0d3f000 r-xp 00000000 08:02 2894785                    /usr/lib/jvm/java-8-openjdk-amd64/jre/lib/amd64/libjava.so
7f1af0d3f000-7f1af0f3e000 ---p 0002d000 08:02 2894785                    /usr/lib/jvm/java-8-openjdk-amd64/jre/lib/amd64/libjava.so
7f1af0f3e000-7f1af0f3f000 r--p 0002c000 08:02 2894785                    /usr/lib/jvm/java-8-openjdk-amd64/jre/lib/amd64/libjava.so
7f1af0f3f000-7f1af0f41000 rw-p 0002d000 08:02 2894785                    /usr/lib/jvm/java-8-openjdk-amd64/jre/lib/amd64/libjava.so
7f1af0f41000-7f1af0f50000 r-xp 00000000 08:02 2894786                    /usr/lib/jvm/java-8-openjdk-amd64/jre/lib/amd64/libverify.so
7f1af0f50000-7f1af114f000 ---p 0000f000 08:02 2894786                    /usr/lib/jvm/java-8-openjdk-amd64/jre/lib/amd64/libverify.so
7f1af114f000-7f1af1151000 r--p 0000e000 08:02 2894786                    /usr/lib/jvm/java-8-openjdk-amd64/jre/lib/amd64/libverify.so
7f1af1151000-7f1af1152000 rw-p 00010000 08:02 2894786                    /usr/lib/jvm/java-8-openjdk-amd64/jre/lib/amd64/libverify.so
7f1af1152000-7f1af1159000 r-xp 00000000 08:02 529272                     /lib/x86_64-linux-gnu/librt-2.23.so
7f1af1159000-7f1af1358000 ---p 00007000 08:02 529272                     /lib/x86_64-linux-gnu/librt-2.23.so
7f1af1358000-7f1af1359000 r--p 00006000 08:02 529272                     /lib/x86_64-linux-gnu/librt-2.23.so
7f1af1359000-7f1af135a000 rw-p 00007000 08:02 529272                     /lib/x86_64-linux-gnu/librt-2.23.so
7f1af135a000-7f1af1370000 r-xp 00000000 08:02 529156                     /lib/x86_64-linux-gnu/libgcc_s.so.1
7f1af1370000-7f1af156f000 ---p 00016000 08:02 529156                     /lib/x86_64-linux-gnu/libgcc_s.so.1
7f1af156f000-7f1af1570000 rw-p 00015000 08:02 529156                     /lib/x86_64-linux-gnu/libgcc_s.so.1
7f1af1570000-7f1af1678000 r-xp 00000000 08:02 529188                     /lib/x86_64-linux-gnu/libm-2.23.so
7f1af1678000-7f1af1877000 ---p 00108000 08:02 529188                     /lib/x86_64-linux-gnu/libm-2.23.so
7f1af1877000-7f1af1878000 r--p 00107000 08:02 529188                     /lib/x86_64-linux-gnu/libm-2.23.so
7f1af1878000-7f1af1879000 rw-p 00108000 08:02 529188                     /lib/x86_64-linux-gnu/libm-2.23.so
7f1af1879000-7f1af19eb000 r-xp 00000000 08:02 2883916                    /usr/lib/x86_64-linux-gnu/libstdc++.so.6.0.21
7f1af19eb000-7f1af1beb000 ---p 00172000 08:02 2883916                    /usr/lib/x86_64-linux-gnu/libstdc++.so.6.0.21
7f1af1beb000-7f1af1bf5000 r--p 00172000 08:02 2883916                    /usr/lib/x86_64-linux-gnu/libstdc++.so.6.0.21
7f1af1bf5000-7f1af1bf7000 rw-p 0017c000 08:02 2883916                    /usr/lib/x86_64-linux-gnu/libstdc++.so.6.0.21
7f1af1bf7000-7f1af1bfb000 rw-p 00000000 00:00 0 
7f1af1bfb000-7f1af2841000 r-xp 00000000 08:02 2894797                    /usr/lib/jvm/java-8-openjdk-amd64/jre/lib/amd64/server/libjvm.so
7f1af2841000-7f1af2a41000 ---p 00c46000 08:02 2894797                    /usr/lib/jvm/java-8-openjdk-amd64/jre/lib/amd64/server/libjvm.so
7f1af2a41000-7f1af2ad4000 r--p 00c46000 08:02 2894797                    /usr/lib/jvm/java-8-openjdk-amd64/jre/lib/amd64/server/libjvm.so
7f1af2ad4000-7f1af2afc000 rw-p 00cd9000 08:02 2894797                    /usr/lib/jvm/java-8-openjdk-amd64/jre/lib/amd64/server/libjvm.so
7f1af2afc000-7f1af2b2c000 rw-p 00000000 00:00 0 
7f1af2b2c000-7f1af2b44000 r-xp 00000000 08:02 529264                     /lib/x86_64-linux-gnu/libpthread-2.23.so
7f1af2b44000-7f1af2d43000 ---p 00018000 08:02 529264                     /lib/x86_64-linux-gnu/libpthread-2.23.so
7f1af2d43000-7f1af2d44000 r--p 00017000 08:02 529264                     /lib/x86_64-linux-gnu/libpthread-2.23.so
7f1af2d44000-7f1af2d45000 rw-p 00018000 08:02 529264                     /lib/x86_64-linux-gnu/libpthread-2.23.so
7f1af2d45000-7f1af2d49000 rw-p 00000000 00:00 0 
7f1af2d49000-7f1af2d4c000 r-xp 00000000 08:02 529142                     /lib/x86_64-linux-gnu/libdl-2.23.so
7f1af2d4c000-7f1af2f4b000 ---p 00003000 08:02 529142                     /lib/x86_64-linux-gnu/libdl-2.23.so
7f1af2f4b000-7f1af2f4c000 r--p 00002000 08:02 529142                     /lib/x86_64-linux-gnu/libdl-2.23.so
7f1af2f4c000-7f1af2f4d000 rw-p 00003000 08:02 529142                     /lib/x86_64-linux-gnu/libdl-2.23.so
7f1af2f4d000-7f1af2f66000 r-xp 00000000 08:02 529309                     /lib/x86_64-linux-gnu/libz.so.1.2.8
7f1af2f66000-7f1af3165000 ---p 00019000 08:02 529309                     /lib/x86_64-linux-gnu/libz.so.1.2.8
7f1af3165000-7f1af3166000 r--p 00018000 08:02 529309                     /lib/x86_64-linux-gnu/libz.so.1.2.8
7f1af3166000-7f1af3167000 rw-p 00019000 08:02 529309                     /lib/x86_64-linux-gnu/libz.so.1.2.8
7f1af3167000-7f1af3327000 r-xp 00000000 08:02 529118                     /lib/x86_64-linux-gnu/libc-2.23.so
7f1af3327000-7f1af3526000 ---p 001c0000 08:02 529118                     /lib/x86_64-linux-gnu/libc-2.23.so
7f1af3526000-7f1af352a000 r--p 001bf000 08:02 529118                     /lib/x86_64-linux-gnu/libc-2.23.so
7f1af352a000-7f1af352c000 rw-p 001c3000 08:02 529118                     /lib/x86_64-linux-gnu/libc-2.23.so
7f1af352c000-7f1af3530000 rw-p 00000000 00:00 0 
7f1af3530000-7f1af353d000 r-xp 00000000 08:02 2894812                    /usr/lib/jvm/java-8-openjdk-amd64/jre/lib/amd64/jli/libjli.so
7f1af353d000-7f1af373d000 ---p 0000d000 08:02 2894812                    /usr/lib/jvm/java-8-openjdk-amd64/jre/lib/amd64/jli/libjli.so
7f1af373d000-7f1af373e000 r--p 0000d000 08:02 2894812                    /usr/lib/jvm/java-8-openjdk-amd64/jre/lib/amd64/jli/libjli.so
7f1af373e000-7f1af373f000 rw-p 0000e000 08:02 2894812                    /usr/lib/jvm/java-8-openjdk-amd64/jre/lib/amd64/jli/libjli.so
7f1af373f000-7f1af3765000 r-xp 00000000 08:02 529090                     /lib/x86_64-linux-gnu/ld-2.23.so
7f1af3765000-7f1af3768000 r--s 0000f000 08:02 2894844                    /usr/lib/jvm/java-8-openjdk-amd64/jre/lib/ext/icedtea-sound.jar
7f1af3768000-7f1af3841000 rw-p 00000000 00:00 0 
7f1af3841000-7f1af3844000 ---p 00000000 00:00 0 
7f1af3844000-7f1af3947000 rw-p 00000000 00:00 0 
7f1af3949000-7f1af394a000 r--s 0000a000 08:02 2894841                    /usr/lib/jvm/java-8-openjdk-amd64/jre/lib/ext/jaccess.jar
7f1af394a000-7f1af3954000 r--s 00116000 08:02 2894845                    /usr/lib/jvm/java-8-openjdk-amd64/jre/lib/ext/localedata.jar
7f1af3954000-7f1af3955000 r--s 00008000 08:02 2894840                    /usr/lib/jvm/java-8-openjdk-amd64/jre/lib/ext/sunec.jar
7f1af3955000-7f1af3957000 r--s 00001000 08:02 2894838                    /usr/lib/jvm/java-8-openjdk-amd64/jre/lib/ext/dnsns.jar
7f1af3957000-7f1af3958000 r--s 00010000 08:02 2894842                    /usr/lib/jvm/java-8-openjdk-amd64/jre/lib/ext/zipfs.jar
7f1af3958000-7f1af3960000 rw-s 00000000 08:02 1453255                    /tmp/hsperfdata_root/8590
7f1af3960000-7f1af3961000 rw-p 00000000 00:00 0 
7f1af3961000-7f1af3962000 ---p 00000000 00:00 0 
7f1af3962000-7f1af3964000 rw-p 00000000 00:00 0 
7f1af3964000-7f1af3965000 r--p 00025000 08:02 529090                     /lib/x86_64-linux-gnu/ld-2.23.so
7f1af3965000-7f1af3966000 rw-p 00026000 08:02 529090                     /lib/x86_64-linux-gnu/ld-2.23.so
7f1af3966000-7f1af3967000 rw-p 00000000 00:00 0 
7ffeeebb9000-7ffeeebda000 rw-p 00000000 00:00 0                          [stack]
7ffeeebe6000-7ffeeebe8000 r--p 00000000 00:00 0                          [vvar]
7ffeeebe8000-7ffeeebea000 r-xp 00000000 00:00 0                          [vdso]
ffffffffff600000-ffffffffff601000 r-xp 00000000 00:00 0                  [vsyscall]

VM Arguments:
jvm_args: -Djava.awt.headless=true -Xmx1024M -Dfile.encoding=UTF-8 -Duser.country=US -Duser.language=en -Duser.variant 
java_command: com.android.dx.command.Main --dex --num-threads=4 --output /media/nasimxon/083644FE3644EE6E/PA_WITH_DAGGER/app/build/intermediates/pre-dexed/debug/debug_a614aeeb68dc180b91958c073705d9d7297d530e.jar /media/nasimxon/083644FE3644EE6E/PA_WITH_DAGGER/app/build/intermediates/classes/debug
java_class_path (initial): /media/nasimxon/083644FE3644EE6E/android-sdk-linux/build-tools/23.0.2/lib/dx.jar
Launcher Type: SUN_STANDARD

Environment Variables:
PATH=/usr/local/sbin:/usr/local/bin:/usr/sbin:/usr/bin:/sbin:/bin:/usr/games:/usr/local/games
USERNAME=root
LD_LIBRARY_PATH=/opt/android-studio/bin:
SHELL=/bin/bash
DISPLAY=:0

Signal Handlers:
SIGSEGV: [libjvm.so+0xa5e970], sa_mask[0]=11111111011111111101111111111110, sa_flags=SA_RESTART|SA_SIGINFO
SIGBUS: [libjvm.so+0xa5e970], sa_mask[0]=11111111011111111101111111111110, sa_flags=SA_RESTART|SA_SIGINFO
SIGFPE: [libjvm.so+0x8a9ff0], sa_mask[0]=11111111011111111101111111111110, sa_flags=SA_RESTART|SA_SIGINFO
SIGPIPE: [libjvm.so+0x8a9ff0], sa_mask[0]=11111111011111111101111111111110, sa_flags=SA_RESTART|SA_SIGINFO
SIGXFSZ: [libjvm.so+0x8a9ff0], sa_mask[0]=11111111011111111101111111111110, sa_flags=SA_RESTART|SA_SIGINFO
SIGILL: [libjvm.so+0x8a9ff0], sa_mask[0]=11111111011111111101111111111110, sa_flags=SA_RESTART|SA_SIGINFO
SIGUSR1: SIG_DFL, sa_mask[0]=00000000000000000000000000000000, sa_flags=none
SIGUSR2: [libjvm.so+0x8a9ea0], sa_mask[0]=00100000000000000000000000000000, sa_flags=SA_RESTART|SA_SIGINFO
SIGHUP: [libjvm.so+0x8aa370], sa_mask[0]=11111111011111111101111111111110, sa_flags=SA_RESTART|SA_SIGINFO
SIGINT: [libjvm.so+0x8aa370], sa_mask[0]=11111111011111111101111111111110, sa_flags=SA_RESTART|SA_SIGINFO
SIGTERM: [libjvm.so+0x8aa370], sa_mask[0]=11111111011111111101111111111110, sa_flags=SA_RESTART|SA_SIGINFO
SIGQUIT: [libjvm.so+0x8aa370], sa_mask[0]=11111111011111111101111111111110, sa_flags=SA_RESTART|SA_SIGINFO


---------------  S Y S T E M  ---------------

OS:DISTRIB_ID=Ubuntu
DISTRIB_RELEASE=16.04
DISTRIB_CODENAME=xenial
DISTRIB_DESCRIPTION="Ubuntu 16.04.1 LTS"

uname:Linux 4.4.0-36-generic #55-Ubuntu SMP Thu Aug 11 18:01:55 UTC 2016 x86_64
libc:glibc 2.23 NPTL 2.23 
rlimit: STACK 8192k, CORE 0k, NPROC 14354, NOFILE 65536, AS infinity
load average:3.85 1.90 2.69

/proc/meminfo:
MemTotal:        3713284 kB
MemFree:          126796 kB
MemAvailable:      35192 kB
Buffers:             784 kB
Cached:           256084 kB
SwapCached:         8668 kB
Active:          2572336 kB
Inactive:         857084 kB
Active(anon):    2561140 kB
Inactive(anon):   844596 kB
Active(file):      11196 kB
Inactive(file):    12488 kB
Unevictable:          32 kB
Mlocked:              32 kB
SwapTotal:        358396 kB
SwapFree:              0 kB
Dirty:               120 kB
Writeback:             0 kB
AnonPages:       3165120 kB
Mapped:            65328 kB
Shmem:            232140 kB
Slab:              75908 kB
SReclaimable:      35192 kB
SUnreclaim:        40716 kB
KernelStack:       10160 kB
PageTables:        37452 kB
NFS_Unstable:          0 kB
Bounce:                0 kB
WritebackTmp:          0 kB
CommitLimit:     2215036 kB
Committed_AS:    7056276 kB
VmallocTotal:   34359738367 kB
VmallocUsed:           0 kB
VmallocChunk:          0 kB
HardwareCorrupted:     0 kB
AnonHugePages:   1736704 kB
CmaTotal:              0 kB
CmaFree:               0 kB
HugePages_Total:       0
HugePages_Free:        0
HugePages_Rsvd:        0
HugePages_Surp:        0
Hugepagesize:       2048 kB
DirectMap4k:      115864 kB
DirectMap2M:     3741696 kB


CPU:total 4 (2 cores per cpu, 2 threads per core) family 6 model 37 stepping 5, cmov, cx8, fxsr, mmx, sse, sse2, sse3, ssse3, sse4.1, sse4.2, popcnt, ht, tsc, tscinvbit

/proc/cpuinfo:
processor	: 0
vendor_id	: GenuineIntel
cpu family	: 6
model		: 37
model name	: Intel(R) Core(TM) i5 CPU       M 480  @ 2.67GHz
stepping	: 5
microcode	: 0x2
cpu MHz		: 2667.000
cache size	: 3072 KB
physical id	: 0
siblings	: 4
core id		: 0
cpu cores	: 2
apicid		: 0
initial apicid	: 0
fpu		: yes
fpu_exception	: yes
cpuid level	: 11
wp		: yes
flags		: fpu vme de pse tsc msr pae mce cx8 apic sep mtrr pge mca cmov pat pse36 clflush dts acpi mmx fxsr sse sse2 ss ht tm pbe syscall nx rdtscp lm constant_tsc arch_perfmon pebs bts rep_good nopl xtopology nonstop_tsc aperfmperf pni dtes64 monitor ds_cpl vmx est tm2 ssse3 cx16 xtpr pdcm pcid sse4_1 sse4_2 popcnt lahf_lm tpr_shadow vnmi flexpriority ept vpid dtherm ida arat
bugs		:
bogomips	: 5320.03
clflush size	: 64
cache_alignment	: 64
address sizes	: 36 bits physical, 48 bits virtual
power management:

processor	: 1
vendor_id	: GenuineIntel
cpu family	: 6
model		: 37
model name	: Intel(R) Core(TM) i5 CPU       M 480  @ 2.67GHz
stepping	: 5
microcode	: 0x2
cpu MHz		: 2667.000
cache size	: 3072 KB
physical id	: 0
siblings	: 4
core id		: 0
cpu cores	: 2
apicid		: 1
initial apicid	: 1
fpu		: yes
fpu_exception	: yes
cpuid level	: 11
wp		: yes
flags		: fpu vme de pse tsc msr pae mce cx8 apic sep mtrr pge mca cmov pat pse36 clflush dts acpi mmx fxsr sse sse2 ss ht tm pbe syscall nx rdtscp lm constant_tsc arch_perfmon pebs bts rep_good nopl xtopology nonstop_tsc aperfmperf pni dtes64 monitor ds_cpl vmx est tm2 ssse3 cx16 xtpr pdcm pcid sse4_1 sse4_2 popcnt lahf_lm tpr_shadow vnmi flexpriority ept vpid dtherm ida arat
bugs		:
bogomips	: 5320.03
clflush size	: 64
cache_alignment	: 64
address sizes	: 36 bits physical, 48 bits virtual
power management:

processor	: 2
vendor_id	: GenuineIntel
cpu family	: 6
model		: 37
model name	: Intel(R) Core(TM) i5 CPU       M 480  @ 2.67GHz
stepping	: 5
microcode	: 0x2
cpu MHz		: 2667.000
cache size	: 3072 KB
physical id	: 0
siblings	: 4
core id		: 2
cpu cores	: 2
apicid		: 4
initial apicid	: 4
fpu		: yes
fpu_exception	: yes
cpuid level	: 11
wp		: yes
flags		: fpu vme de pse tsc msr pae mce cx8 apic sep mtrr pge mca cmov pat pse36 clflush dts acpi mmx fxsr sse sse2 ss ht tm pbe syscall nx rdtscp lm constant_tsc arch_perfmon pebs bts rep_good nopl xtopology nonstop_tsc aperfmperf pni dtes64 monitor ds_cpl vmx est tm2 ssse3 cx16 xtpr pdcm pcid sse4_1 sse4_2 popcnt lahf_lm tpr_shadow vnmi flexpriority ept vpid dtherm ida arat
bugs		:
bogomips	: 5320.03
clflush size	: 64
cache_alignment	: 64
address sizes	: 36 bits physical, 48 bits virtual
power management:

processor	: 3
vendor_id	: GenuineIntel
cpu family	: 6
model		: 37
model name	: Intel(R) Core(TM) i5 CPU       M 480  @ 2.67GHz
stepping	: 5
microcode	: 0x2
cpu MHz		: 1999.000
cache size	: 3072 KB
physical id	: 0
siblings	: 4
core id		: 2
cpu cores	: 2
apicid		: 5
initial apicid	: 5
fpu		: yes
fpu_exception	: yes
cpuid level	: 11
wp		: yes
flags		: fpu vme de pse tsc msr pae mce cx8 apic sep mtrr pge mca cmov pat pse36 clflush dts acpi mmx fxsr sse sse2 ss ht tm pbe syscall nx rdtscp lm constant_tsc arch_perfmon pebs bts rep_good nopl xtopology nonstop_tsc aperfmperf pni dtes64 monitor ds_cpl vmx est tm2 ssse3 cx16 xtpr pdcm pcid sse4_1 sse4_2 popcnt lahf_lm tpr_shadow vnmi flexpriority ept vpid dtherm ida arat
bugs		:
bogomips	: 5320.03
clflush size	: 64
cache_alignment	: 64
address sizes	: 36 bits physical, 48 bits virtual
power management:



Memory: 4k page, physical 3713284k(126796k free), swap 358396k(0k free)

vm_info: OpenJDK 64-Bit Server VM (25.91-b14) for linux-amd64 JRE (1.8.0_91-8u91-b14-3ubuntu1~16.04.1-b14), built on Jul 21 2016 04:13:34 by "buildd" with gcc 5.3.1 20160413

time: Sat Sep 10 10:49:13 2016
elapsed time: 28 seconds (0d 0h 0m 28s)

