#
# There is insufficient memory for the Java Runtime Environment to continue.
# Native memory allocation (mmap) failed to map 87031808 bytes for committing reserved memory.
# Possible reasons:
#   The system is out of physical RAM or swap space
#   In 32 bit mode, the process size limit was hit
# Possible solutions:
#   Reduce memory load on the system
#   Increase physical memory or swap space
#   Check if swap backing store is full
#   Use 64 bit Java on a 64 bit OS
#   Decrease Java heap size (-Xmx/-Xms)
#   Decrease number of Java threads
#   Decrease Java thread stack sizes (-Xss)
#   Set larger code cache with -XX:ReservedCodeCacheSize=
# This output file may be truncated or incomplete.
#
#  Out of Memory Error (os_linux.cpp:2630), pid=7911, tid=140643216271104
#
# JRE version: OpenJDK Runtime Environment (8.0_91-b14) (build 1.8.0_91-8u91-b14-3ubuntu1~16.04.1-b14)
# Java VM: OpenJDK 64-Bit Server VM (25.91-b14 mixed mode linux-amd64 compressed oops)
# Failed to write core dump. Core dumps have been disabled. To enable core dumping, try "ulimit -c unlimited" before starting Java again
#

---------------  T H R E A D  ---------------

Current thread (0x00007fea2c077800):  VMThread [stack: 0x00007fea0ce22000,0x00007fea0cf23000] [id=7922]

Stack: [0x00007fea0ce22000,0x00007fea0cf23000],  sp=0x00007fea0cf214c0,  free space=1021k
Native frames: (J=compiled Java code, j=interpreted, Vv=VM code, C=native code)
V  [libjvm.so+0xa5de1b]
V  [libjvm.so+0x4c178c]
V  [libjvm.so+0x8ae9d0]
V  [libjvm.so+0x8a8e4e]
V  [libjvm.so+0x922f46]
V  [libjvm.so+0x924273]
V  [libjvm.so+0x920923]
V  [libjvm.so+0x920bec]
V  [libjvm.so+0x8d3263]
V  [libjvm.so+0xa5fad2]
V  [libjvm.so+0xa64b57]
V  [libjvm.so+0xa62327]
V  [libjvm.so+0xa637af]
V  [libjvm.so+0xa63ca1]
V  [libjvm.so+0x8abeb2]

VM_Operation (0x00007fea33d83140): ParallelGCFailedAllocation, mode: safepoint, requested by thread 0x00007fea2c00a000


---------------  P R O C E S S  ---------------

Java Threads: ( => current thread )
  0x00007fea2c194800 JavaThread "pool-1-thread-4" [_thread_blocked, id=7935, stack(0x00007fe9ff4f5000,0x00007fe9ff5f6000)]
  0x00007fea2c193800 JavaThread "pool-1-thread-3" [_thread_blocked, id=7934, stack(0x00007fe9ff5f6000,0x00007fe9ff6f7000)]
  0x00007fea2c18f800 JavaThread "pool-1-thread-2" [_thread_blocked, id=7933, stack(0x00007fe9ff6f7000,0x00007fe9ff7f8000)]
  0x00007fea2c18e800 JavaThread "pool-2-thread-1" [_thread_blocked, id=7932, stack(0x00007fe9ff7f8000,0x00007fe9ff8f9000)]
  0x00007fea2c182000 JavaThread "pool-1-thread-1" [_thread_blocked, id=7931, stack(0x00007fe9ff8f9000,0x00007fe9ff9fa000)]
  0x00007fea2c0ca000 JavaThread "Service Thread" daemon [_thread_blocked, id=7929, stack(0x00007fe9ffafb000,0x00007fe9ffbfc000)]
  0x00007fea2c0b2800 JavaThread "C1 CompilerThread2" daemon [_thread_blocked, id=7928, stack(0x00007fe9ffbfc000,0x00007fe9ffcfd000)]
  0x00007fea2c0b0800 JavaThread "C2 CompilerThread1" daemon [_thread_blocked, id=7927, stack(0x00007fe9ffcfd000,0x00007fe9ffdfe000)]
  0x00007fea2c0ae000 JavaThread "C2 CompilerThread0" daemon [_thread_blocked, id=7926, stack(0x00007fe9ffdfe000,0x00007fe9ffeff000)]
  0x00007fea2c0ac000 JavaThread "Signal Dispatcher" daemon [_thread_blocked, id=7925, stack(0x00007fe9ffeff000,0x00007fea00000000)]
  0x00007fea2c083800 JavaThread "Finalizer" daemon [_thread_blocked, id=7924, stack(0x00007fea0cc20000,0x00007fea0cd21000)]
  0x00007fea2c07f000 JavaThread "Reference Handler" daemon [_thread_blocked, id=7923, stack(0x00007fea0cd21000,0x00007fea0ce22000)]
  0x00007fea2c00a000 JavaThread "main" [_thread_blocked, id=7917, stack(0x00007fea33c85000,0x00007fea33d86000)]

Other Threads:
=>0x00007fea2c077800 VMThread [stack: 0x00007fea0ce22000,0x00007fea0cf23000] [id=7922]
  0x00007fea2c0cc800 WatcherThread [stack: 0x00007fe9ff9fa000,0x00007fe9ffafb000] [id=7930]

VM state:at safepoint (normal execution)

VM Mutex/Monitor currently owned by a thread:  ([mutex/lock_event])
[0x00007fea2c006760] Threads_lock - owner thread: 0x00007fea2c077800
[0x00007fea2c006c60] Heap_lock - owner thread: 0x00007fea2c00a000

Heap:
 PSYoungGen      total 134144K, used 15845K [0x00000000eab00000, 0x00000000f4100000, 0x0000000100000000)
  eden space 118272K, 0% used [0x00000000eab00000,0x00000000eab00000,0x00000000f1e80000)
  from space 15872K, 99% used [0x00000000f1e80000,0x00000000f2df95a0,0x00000000f2e00000)
  to   space 12288K, 0% used [0x00000000f2e00000,0x00000000f2e00000,0x00000000f3a00000)
 ParOldGen       total 45568K, used 44552K [0x00000000c0000000, 0x00000000c2c80000, 0x00000000eab00000)
  object space 45568K, 97% used [0x00000000c0000000,0x00000000c2b822a8,0x00000000c2c80000)
 Metaspace       used 6176K, capacity 7216K, committed 7296K, reserved 1056768K
  class space    used 573K, capacity 616K, committed 640K, reserved 1048576K

Card table byte_map: [0x00007fea3014c000,0x00007fea3034d000] byte_map_base: 0x00007fea2fb4c000

Marking Bits: (ParMarkBitMap*) 0x00007fea32f53fc0
 Begin Bits: [0x00007fea0e000000, 0x00007fea0f000000)
 End Bits:   [0x00007fea0f000000, 0x00007fea10000000)

Polling page: 0x00007fea33da5000

CodeCache: size=245760Kb used=8132Kb max_used=8132Kb free=237627Kb
 bounds [0x00007fea1d000000, 0x00007fea1d800000, 0x00007fea2c000000]
 total_blobs=2260 nmethods=1999 adapters=175
 compilation: enabled

Compilation events (10 events):
Event: 5.596 Thread 0x00007fea2c0b2800 2094       2       com.android.dx.cf.code.SwitchList::add (35 bytes)
Event: 5.597 Thread 0x00007fea2c0b2800 nmethod 2094 0x00007fea1d7dcd90 code [0x00007fea1d7dcf40, 0x00007fea1d7dd278]
Event: 5.609 Thread 0x00007fea2c0b2800 2095       2       com.android.dx.util.Bits::bitCount (29 bytes)
Event: 5.610 Thread 0x00007fea2c0b2800 nmethod 2095 0x00007fea1d7dd490 code [0x00007fea1d7dd600, 0x00007fea1d7dd7e8]
Event: 10.944 Thread 0x00007fea2c0b2800 2098       2       com.android.dx.ssa.back.FirstFitLocalCombiningAllocator::findRangeAndAdjust (311 bytes)
Event: 10.971 Thread 0x00007fea2c0b0800 nmethod 1661 0x00007fea1d7e6150 code [0x00007fea1d7e68c0, 0x00007fea1d7ec2e0]
Event: 10.972 Thread 0x00007fea2c0b0800 2069       4       com.android.dx.ssa.back.SsaToRop$1::visitBlock (97 bytes)
Event: 10.987 Thread 0x00007fea2c0b2800 nmethod 2098 0x00007fea1d7e48d0 code [0x00007fea1d7e4b40, 0x00007fea1d7e5558]
Event: 11.020 Thread 0x00007fea2c0b2800 2102       2       com.android.dx.ssa.back.FirstFitLocalCombiningAllocator::ssaSetToSpecs (57 bytes)
Event: 11.022 Thread 0x00007fea2c0b2800 nmethod 2102 0x00007fea1d7e1fd0 code [0x00007fea1d7e21e0, 0x00007fea1d7e29f8]

GC Heap History (10 events):
Event: 2.878 GC heap after
Heap after GC invocations=4 (full 0):
 PSYoungGen      total 32768K, used 2029K [0x00000000eab00000, 0x00000000ecd00000, 0x0000000100000000)
  eden space 30720K, 0% used [0x00000000eab00000,0x00000000eab00000,0x00000000ec900000)
  from space 2048K, 99% used [0x00000000ecb00000,0x00000000eccfb558,0x00000000ecd00000)
  to   space 2048K, 0% used [0x00000000ec900000,0x00000000ec900000,0x00000000ecb00000)
 ParOldGen       total 39936K, used 12085K [0x00000000c0000000, 0x00000000c2700000, 0x00000000eab00000)
  object space 39936K, 30% used [0x00000000c0000000,0x00000000c0bcd638,0x00000000c2700000)
 Metaspace       used 5648K, capacity 6896K, committed 7040K, reserved 1056768K
  class space    used 550K, capacity 616K, committed 640K, reserved 1048576K
}
Event: 3.159 GC heap before
{Heap before GC invocations=5 (full 0):
 PSYoungGen      total 32768K, used 32749K [0x00000000eab00000, 0x00000000ecd00000, 0x0000000100000000)
  eden space 30720K, 100% used [0x00000000eab00000,0x00000000ec900000,0x00000000ec900000)
  from space 2048K, 99% used [0x00000000ecb00000,0x00000000eccfb558,0x00000000ecd00000)
  to   space 2048K, 0% used [0x00000000ec900000,0x00000000ec900000,0x00000000ecb00000)
 ParOldGen       total 39936K, used 12085K [0x00000000c0000000, 0x00000000c2700000, 0x00000000eab00000)
  object space 39936K, 30% used [0x00000000c0000000,0x00000000c0bcd638,0x00000000c2700000)
 Metaspace       used 5713K, capacity 6960K, committed 7040K, reserved 1056768K
  class space    used 550K, capacity 616K, committed 640K, reserved 1048576K
Event: 3.189 GC heap after
Heap after GC invocations=5 (full 0):
 PSYoungGen      total 32768K, used 2029K [0x00000000eab00000, 0x00000000ef500000, 0x0000000100000000)
  eden space 30720K, 0% used [0x00000000eab00000,0x00000000eab00000,0x00000000ec900000)
  from space 2048K, 99% used [0x00000000ec900000,0x00000000ecafb558,0x00000000ecb00000)
  to   space 7168K, 0% used [0x00000000eee00000,0x00000000eee00000,0x00000000ef500000)
 ParOldGen       total 39936K, used 16857K [0x00000000c0000000, 0x00000000c2700000, 0x00000000eab00000)
  object space 39936K, 42% used [0x00000000c0000000,0x00000000c1076688,0x00000000c2700000)
 Metaspace       used 5713K, capacity 6960K, committed 7040K, reserved 1056768K
  class space    used 550K, capacity 616K, committed 640K, reserved 1048576K
}
Event: 3.397 GC heap before
{Heap before GC invocations=6 (full 0):
 PSYoungGen      total 32768K, used 32749K [0x00000000eab00000, 0x00000000ef500000, 0x0000000100000000)
  eden space 30720K, 100% used [0x00000000eab00000,0x00000000ec900000,0x00000000ec900000)
  from space 2048K, 99% used [0x00000000ec900000,0x00000000ecafb558,0x00000000ecb00000)
  to   space 7168K, 0% used [0x00000000eee00000,0x00000000eee00000,0x00000000ef500000)
 ParOldGen       total 39936K, used 16857K [0x00000000c0000000, 0x00000000c2700000, 0x00000000eab00000)
  object space 39936K, 42% used [0x00000000c0000000,0x00000000c1076688,0x00000000c2700000)
 Metaspace       used 5749K, capacity 6960K, committed 7040K, reserved 1056768K
  class space    used 554K, capacity 616K, committed 640K, reserved 1048576K
Event: 3.431 GC heap after
Heap after GC invocations=6 (full 0):
 PSYoungGen      total 68096K, used 6775K [0x00000000eab00000, 0x00000000ef600000, 0x0000000100000000)
  eden space 60928K, 0% used [0x00000000eab00000,0x00000000eab00000,0x00000000ee680000)
  from space 7168K, 94% used [0x00000000eee00000,0x00000000ef49df98,0x00000000ef500000)
  to   space 7680K, 0% used [0x00000000ee680000,0x00000000ee680000,0x00000000eee00000)
 ParOldGen       total 39936K, used 16857K [0x00000000c0000000, 0x00000000c2700000, 0x00000000eab00000)
  object space 39936K, 42% used [0x00000000c0000000,0x00000000c1076688,0x00000000c2700000)
 Metaspace       used 5749K, capacity 6960K, committed 7040K, reserved 1056768K
  class space    used 554K, capacity 616K, committed 640K, reserved 1048576K
}
Event: 4.098 GC heap before
{Heap before GC invocations=7 (full 0):
 PSYoungGen      total 68096K, used 67703K [0x00000000eab00000, 0x00000000ef600000, 0x0000000100000000)
  eden space 60928K, 100% used [0x00000000eab00000,0x00000000ee680000,0x00000000ee680000)
  from space 7168K, 94% used [0x00000000eee00000,0x00000000ef49df98,0x00000000ef500000)
  to   space 7680K, 0% used [0x00000000ee680000,0x00000000ee680000,0x00000000eee00000)
 ParOldGen       total 39936K, used 16857K [0x00000000c0000000, 0x00000000c2700000, 0x00000000eab00000)
  object space 39936K, 42% used [0x00000000c0000000,0x00000000c1076688,0x00000000c2700000)
 Metaspace       used 6001K, capacity 7088K, committed 7296K, reserved 1056768K
  class space    used 572K, capacity 616K, committed 640K, reserved 1048576K
Event: 4.265 GC heap after
Heap after GC invocations=7 (full 0):
 PSYoungGen      total 68608K, used 7664K [0x00000000eab00000, 0x00000000f3a00000, 0x0000000100000000)
  eden space 60928K, 0% used [0x00000000eab00000,0x00000000eab00000,0x00000000ee680000)
  from space 7680K, 99% used [0x00000000ee680000,0x00000000eedfc020,0x00000000eee00000)
  to   space 12288K, 0% used [0x00000000f2e00000,0x00000000f2e00000,0x00000000f3a00000)
 ParOldGen       total 39936K, used 24269K [0x00000000c0000000, 0x00000000c2700000, 0x00000000eab00000)
  object space 39936K, 60% used [0x00000000c0000000,0x00000000c17b34a0,0x00000000c2700000)
 Metaspace       used 6001K, capacity 7088K, committed 7296K, reserved 1056768K
  class space    used 572K, capacity 616K, committed 640K, reserved 1048576K
}
Event: 4.802 GC heap before
{Heap before GC invocations=8 (full 0):
 PSYoungGen      total 68608K, used 68592K [0x00000000eab00000, 0x00000000f3a00000, 0x0000000100000000)
  eden space 60928K, 100% used [0x00000000eab00000,0x00000000ee680000,0x00000000ee680000)
  from space 7680K, 99% used [0x00000000ee680000,0x00000000eedfc020,0x00000000eee00000)
  to   space 12288K, 0% used [0x00000000f2e00000,0x00000000f2e00000,0x00000000f3a00000)
 ParOldGen       total 39936K, used 24269K [0x00000000c0000000, 0x00000000c2700000, 0x00000000eab00000)
  object space 39936K, 60% used [0x00000000c0000000,0x00000000c17b34a0,0x00000000c2700000)
 Metaspace       used 6095K, capacity 7152K, committed 7296K, reserved 1056768K
  class space    used 573K, capacity 616K, committed 640K, reserved 1048576K
Event: 4.871 GC heap after
Heap after GC invocations=8 (full 0):
 PSYoungGen      total 130560K, used 12276K [0x00000000eab00000, 0x00000000f4100000, 0x0000000100000000)
  eden space 118272K, 0% used [0x00000000eab00000,0x00000000eab00000,0x00000000f1e80000)
  from space 12288K, 99% used [0x00000000f2e00000,0x00000000f39fd138,0x00000000f3a00000)
  to   space 15872K, 0% used [0x00000000f1e80000,0x00000000f1e80000,0x00000000f2e00000)
 ParOldGen       total 39936K, used 29112K [0x00000000c0000000, 0x00000000c2700000, 0x00000000eab00000)
  object space 39936K, 72% used [0x00000000c0000000,0x00000000c1c6e3b8,0x00000000c2700000)
 Metaspace       used 6095K, capacity 7152K, committed 7296K, reserved 1056768K
  class space    used 573K, capacity 616K, committed 640K, reserved 1048576K
}
Event: 11.035 GC heap before
{Heap before GC invocations=9 (full 0):
 PSYoungGen      total 130560K, used 130548K [0x00000000eab00000, 0x00000000f4100000, 0x0000000100000000)
  eden space 118272K, 100% used [0x00000000eab00000,0x00000000f1e80000,0x00000000f1e80000)
  from space 12288K, 99% used [0x00000000f2e00000,0x00000000f39fd138,0x00000000f3a00000)
  to   space 15872K, 0% used [0x00000000f1e80000,0x00000000f1e80000,0x00000000f2e00000)
 ParOldGen       total 39936K, used 29112K [0x00000000c0000000, 0x00000000c2700000, 0x00000000eab00000)
  object space 39936K, 72% used [0x00000000c0000000,0x00000000c1c6e3b8,0x00000000c2700000)
 Metaspace       used 6176K, capacity 7216K, committed 7296K, reserved 1056768K
  class space    used 573K, capacity 616K, committed 640K, reserved 1048576K

Deoptimization events (10 events):
Event: 3.512 Thread 0x00007fea2c18f800 Uncommon trap: reason=null_check action=make_not_entrant pc=0x00007fea1d363060 method=com.android.dx.rop.type.Type.equals(Ljava/lang/Object;)Z @ 8
Event: 3.772 Thread 0x00007fea2c182000 Uncommon trap: reason=bimorphic action=maybe_recompile pc=0x00007fea1d5b5554 method=com.android.dx.ssa.NormalSsaInsn.accept(Lcom/android/dx/ssa/SsaInsn$Visitor;)V @ 9
Event: 3.799 Thread 0x00007fea2c182000 Uncommon trap: reason=unstable_if action=reinterpret pc=0x00007fea1d5b5280 method=com.android.dx.ssa.SsaRenamer$BlockRenamer.visitMoveInsn(Lcom/android/dx/ssa/NormalSsaInsn;)V @ 104
Event: 4.525 Thread 0x00007fea2c18f800 Uncommon trap: reason=bimorphic action=maybe_recompile pc=0x00007fea1d6700c0 method=com.android.dx.cf.code.BytecodeArray.parseInstruction(ILcom/android/dx/cf/code/BytecodeArray$Visitor;)I @ 2554
Event: 4.526 Thread 0x00007fea2c18f800 Uncommon trap: reason=bimorphic action=maybe_recompile pc=0x00007fea1d6700c0 method=com.android.dx.cf.code.BytecodeArray.parseInstruction(ILcom/android/dx/cf/code/BytecodeArray$Visitor;)I @ 2554
Event: 4.593 Thread 0x00007fea2c18f800 Uncommon trap: reason=uninitialized action=reinterpret pc=0x00007fea1d66b4ac method=com.android.dx.cf.code.BytecodeArray.parseInstruction(ILcom/android/dx/cf/code/BytecodeArray$Visitor;)I @ 1031
Event: 5.019 Thread 0x00007fea2c18f800 Uncommon trap: reason=unstable_if action=reinterpret pc=0x00007fea1d6f406c method=java.util.HashMap.getNode(ILjava/lang/Object;)Ljava/util/HashMap$Node; @ 84
Event: 5.019 Thread 0x00007fea2c18f800 Uncommon trap: reason=unstable_if action=reinterpret pc=0x00007fea1d3c6214 method=java.util.HashMap.getNode(ILjava/lang/Object;)Ljava/util/HashMap$Node; @ 84
Event: 5.093 Thread 0x00007fea2c182000 Uncommon trap: reason=unstable_if action=reinterpret pc=0x00007fea1d564c78 method=com.android.dx.ssa.SCCP.simulateStmt(Lcom/android/dx/ssa/SsaInsn;)V @ 59
Event: 5.285 Thread 0x00007fea2c18f800 Uncommon trap: reason=unstable_if action=reinterpret pc=0x00007fea1d434180 method=java.util.HashMap.getNode(ILjava/lang/Object;)Ljava/util/HashMap$Node; @ 84

Internal exceptions (8 events):
Event: 0.465 Thread 0x00007fea2c00a000 Exception <a 'java/lang/NoSuchMethodError': Method sun.misc.Unsafe.defineClass(Ljava/lang/String;[BII)Ljava/lang/Class; name or signature does not match> (0x00000000eab07cc0) thrown at [/build/openjdk-8-W1Ghxo/openjdk-8-8u91-b14/src/hotspot/src/share/vm/p
Event: 0.465 Thread 0x00007fea2c00a000 Exception <a 'java/lang/NoSuchMethodError': Method sun.misc.Unsafe.prefetchRead(Ljava/lang/Object;J)V name or signature does not match> (0x00000000eab07fa8) thrown at [/build/openjdk-8-W1Ghxo/openjdk-8-8u91-b14/src/hotspot/src/share/vm/prims/jni.cpp, line
Event: 3.387 Thread 0x00007fea2c00a000 Implicit null exception at 0x00007fea1d446395 to 0x00007fea1d448e95
Event: 3.388 Thread 0x00007fea2c00a000 Implicit null exception at 0x00007fea1d3bb6a2 to 0x00007fea1d3bd011
Event: 3.500 Thread 0x00007fea2c18f800 Exception <a 'java/lang/ArrayIndexOutOfBoundsException': 18> (0x00000000eb02d798) thrown at [/build/openjdk-8-W1Ghxo/openjdk-8-8u91-b14/src/hotspot/src/share/vm/interpreter/interpreterRuntime.cpp, line 366]
Event: 3.500 Thread 0x00007fea2c18f800 Exception <a 'java/lang/ArrayIndexOutOfBoundsException': 145> (0x00000000eb02f318) thrown at [/build/openjdk-8-W1Ghxo/openjdk-8-8u91-b14/src/hotspot/src/share/vm/interpreter/interpreterRuntime.cpp, line 366]
Event: 3.508 Thread 0x00007fea2c18f800 Exception <a 'java/lang/ArrayIndexOutOfBoundsException': 40> (0x00000000eb030600) thrown at [/build/openjdk-8-W1Ghxo/openjdk-8-8u91-b14/src/hotspot/src/share/vm/interpreter/interpreterRuntime.cpp, line 366]
Event: 3.512 Thread 0x00007fea2c18f800 Implicit null exception at 0x00007fea1d362f62 to 0x00007fea1d363053

Events (10 events):
Event: 5.509 Thread 0x00007fea2c182000 DEOPT UNPACKING pc=0x00007fea1d046f73 sp=0x00007fe9ff9f7c88 mode 0
Event: 5.517 Thread 0x00007fea2c182000 DEOPT PACKING pc=0x00007fea1d3b8252 sp=0x00007fe9ff9f7fd0
Event: 5.518 Thread 0x00007fea2c182000 DEOPT UNPACKING pc=0x00007fea1d046f73 sp=0x00007fe9ff9f7d60 mode 0
Event: 5.529 Thread 0x00007fea2c194800 DEOPT PACKING pc=0x00007fea1d2b224b sp=0x00007fe9ff5f3e10
Event: 5.529 Thread 0x00007fea2c194800 DEOPT UNPACKING pc=0x00007fea1d046f73 sp=0x00007fe9ff5f3bf8 mode 0
Event: 5.655 Thread 0x00007fea2c182000 DEOPT PACKING pc=0x00007fea1d2b224b sp=0x00007fe9ff9f7e10
Event: 5.655 Thread 0x00007fea2c182000 DEOPT UNPACKING pc=0x00007fea1d046f73 sp=0x00007fe9ff9f7bf8 mode 0
Event: 11.016 Thread 0x00007fea2c00a000 DEOPT PACKING pc=0x00007fea1d2b224b sp=0x00007fea33d83030
Event: 11.016 Thread 0x00007fea2c00a000 DEOPT UNPACKING pc=0x00007fea1d046f73 sp=0x00007fea33d82e18 mode 0
Event: 11.031 Executing VM operation: ParallelGCFailedAllocation


Dynamic libraries:
00400000-00401000 r-xp 00000000 08:02 2894770                            /usr/lib/jvm/java-8-openjdk-amd64/jre/bin/java
00600000-00601000 r--p 00000000 08:02 2894770                            /usr/lib/jvm/java-8-openjdk-amd64/jre/bin/java
00601000-00602000 rw-p 00001000 08:02 2894770                            /usr/lib/jvm/java-8-openjdk-amd64/jre/bin/java
00637000-00658000 rw-p 00000000 00:00 0                                  [heap]
c0000000-c2c80000 rw-p 00000000 00:00 0 
c2c80000-eab00000 ---p 00000000 00:00 0 
eab00000-f4100000 rw-p 00000000 00:00 0 
f9400000-100000000 ---p 00000000 00:00 0 
100000000-1000a0000 rw-p 00000000 00:00 0 
1000a0000-140000000 ---p 00000000 00:00 0 
7fe9cc000000-7fe9cc021000 rw-p 00000000 00:00 0 
7fe9cc021000-7fe9d0000000 ---p 00000000 00:00 0 
7fe9d0000000-7fe9d0021000 rw-p 00000000 00:00 0 
7fe9d0021000-7fe9d4000000 ---p 00000000 00:00 0 
7fe9d4000000-7fe9d4021000 rw-p 00000000 00:00 0 
7fe9d4021000-7fe9d8000000 ---p 00000000 00:00 0 
7fe9d8000000-7fe9d8054000 rw-p 00000000 00:00 0 
7fe9d8054000-7fe9dc000000 ---p 00000000 00:00 0 
7fe9dc000000-7fe9dc021000 rw-p 00000000 00:00 0 
7fe9dc021000-7fe9e0000000 ---p 00000000 00:00 0 
7fe9e0000000-7fe9e0081000 rw-p 00000000 00:00 0 
7fe9e0081000-7fe9e4000000 ---p 00000000 00:00 0 
7fe9e4000000-7fe9e487f000 rw-p 00000000 00:00 0 
7fe9e487f000-7fe9e8000000 ---p 00000000 00:00 0 
7fe9e8000000-7fe9e8021000 rw-p 00000000 00:00 0 
7fe9e8021000-7fe9ec000000 ---p 00000000 00:00 0 
7fe9ec000000-7fe9ecb1c000 rw-p 00000000 00:00 0 
7fe9ecb1c000-7fe9f0000000 ---p 00000000 00:00 0 
7fe9f0000000-7fe9f0c25000 rw-p 00000000 00:00 0 
7fe9f0c25000-7fe9f4000000 ---p 00000000 00:00 0 
7fe9f4000000-7fe9f4021000 rw-p 00000000 00:00 0 
7fe9f4021000-7fe9f8000000 ---p 00000000 00:00 0 
7fe9f8000000-7fe9f8021000 rw-p 00000000 00:00 0 
7fe9f8021000-7fe9fc000000 ---p 00000000 00:00 0 
7fe9ff4f5000-7fe9ff4f8000 ---p 00000000 00:00 0 
7fe9ff4f8000-7fe9ff5f6000 rw-p 00000000 00:00 0 
7fe9ff5f6000-7fe9ff5f9000 ---p 00000000 00:00 0 
7fe9ff5f9000-7fe9ff6f7000 rw-p 00000000 00:00 0 
7fe9ff6f7000-7fe9ff6fa000 ---p 00000000 00:00 0 
7fe9ff6fa000-7fe9ff7f8000 rw-p 00000000 00:00 0 
7fe9ff7f8000-7fe9ff7fb000 ---p 00000000 00:00 0 
7fe9ff7fb000-7fe9ff8f9000 rw-p 00000000 00:00 0 
7fe9ff8f9000-7fe9ff8fc000 ---p 00000000 00:00 0 
7fe9ff8fc000-7fe9ff9fa000 rw-p 00000000 00:00 0 
7fe9ff9fa000-7fe9ff9fb000 ---p 00000000 00:00 0 
7fe9ff9fb000-7fe9ffafb000 rw-p 00000000 00:00 0 
7fe9ffafb000-7fe9ffafe000 ---p 00000000 00:00 0 
7fe9ffafe000-7fe9ffbfc000 rw-p 00000000 00:00 0 
7fe9ffbfc000-7fe9ffbff000 ---p 00000000 00:00 0 
7fe9ffbff000-7fe9ffcfd000 rw-p 00000000 00:00 0 
7fe9ffcfd000-7fe9ffd00000 ---p 00000000 00:00 0 
7fe9ffd00000-7fe9ffdfe000 rw-p 00000000 00:00 0 
7fe9ffdfe000-7fe9ffe01000 ---p 00000000 00:00 0 
7fe9ffe01000-7fe9ffeff000 rw-p 00000000 00:00 0 
7fe9ffeff000-7fe9fff02000 ---p 00000000 00:00 0 
7fe9fff02000-7fea00000000 rw-p 00000000 00:00 0 
7fea00000000-7fea00021000 rw-p 00000000 00:00 0 
7fea00021000-7fea04000000 ---p 00000000 00:00 0 
7fea04000000-7fea04021000 rw-p 00000000 00:00 0 
7fea04021000-7fea08000000 ---p 00000000 00:00 0 
7fea08000000-7fea08021000 rw-p 00000000 00:00 0 
7fea08021000-7fea0c000000 ---p 00000000 00:00 0 
7fea0c0e2000-7fea0cc20000 r--p 00000000 08:02 2891617                    /usr/lib/locale/locale-archive
7fea0cc20000-7fea0cc23000 ---p 00000000 00:00 0 
7fea0cc23000-7fea0cd21000 rw-p 00000000 00:00 0 
7fea0cd21000-7fea0cd24000 ---p 00000000 00:00 0 
7fea0cd24000-7fea0ce22000 rw-p 00000000 00:00 0 
7fea0ce22000-7fea0ce23000 ---p 00000000 00:00 0 
7fea0ce23000-7fea0de32000 rw-p 00000000 00:00 0 
7fea0de32000-7fea0e000000 r--s 03beb000 08:02 2894828                    /usr/lib/jvm/java-8-openjdk-amd64/jre/lib/rt.jar
7fea0e000000-7fea10000000 rw-p 00000000 00:00 0 
7fea10000000-7fea10021000 rw-p 00000000 00:00 0 
7fea10021000-7fea14000000 ---p 00000000 00:00 0 
7fea14000000-7fea14021000 rw-p 00000000 00:00 0 
7fea14021000-7fea18000000 ---p 00000000 00:00 0 
7fea18000000-7fea18021000 rw-p 00000000 00:00 0 
7fea18021000-7fea1c000000 ---p 00000000 00:00 0 
7fea1c07d000-7fea1c08c000 r--s 000df000 08:03 509586                     /media/nasimxon/083644FE3644EE6E/android-sdk-linux/build-tools/23.0.2/lib/dx.jar
7fea1c08c000-7fea1c0a7000 r--s 001d7000 08:02 2894837                    /usr/lib/jvm/java-8-openjdk-amd64/jre/lib/ext/nashorn.jar
7fea1c0a7000-7fea1c0c3000 r--s 00393000 08:02 2894839                    /usr/lib/jvm/java-8-openjdk-amd64/jre/lib/ext/cldrdata.jar
7fea1c0c3000-7fea1c827000 rw-p 00000000 00:00 0 
7fea1c827000-7fea1c9a7000 ---p 00000000 00:00 0 
7fea1c9a7000-7fea1cba7000 rw-p 00000000 00:00 0 
7fea1cba7000-7fea1cba8000 ---p 00000000 00:00 0 
7fea1cba8000-7fea1cca8000 rw-p 00000000 00:00 0 
7fea1cca8000-7fea1cca9000 ---p 00000000 00:00 0 
7fea1cca9000-7fea1cda9000 rw-p 00000000 00:00 0 
7fea1cda9000-7fea1cdaa000 ---p 00000000 00:00 0 
7fea1cdaa000-7fea1cec1000 rw-p 00000000 00:00 0 
7fea1cec1000-7fea1d000000 ---p 00000000 00:00 0 
7fea1d000000-7fea1d800000 rwxp 00000000 00:00 0 
7fea1d800000-7fea2c000000 ---p 00000000 00:00 0 
7fea2c000000-7fea2c1ff000 rw-p 00000000 00:00 0 
7fea2c1ff000-7fea30000000 ---p 00000000 00:00 0 
7fea30000000-7fea30005000 r--s 0003b000 08:02 2894843                    /usr/lib/jvm/java-8-openjdk-amd64/jre/lib/ext/sunjce_provider.jar
7fea30005000-7fea30009000 r--s 00037000 08:02 2894846                    /usr/lib/jvm/java-8-openjdk-amd64/jre/lib/ext/sunpkcs11.jar
7fea30009000-7fea3004b000 rw-p 00000000 00:00 0 
7fea3004b000-7fea3004c000 ---p 00000000 00:00 0 
7fea3004c000-7fea30163000 rw-p 00000000 00:00 0 
7fea30163000-7fea302a1000 ---p 00000000 00:00 0 
7fea302a1000-7fea302ed000 rw-p 00000000 00:00 0 
7fea302ed000-7fea3034c000 ---p 00000000 00:00 0 
7fea3034c000-7fea3036d000 rw-p 00000000 00:00 0 
7fea3036d000-7fea3070d000 ---p 00000000 00:00 0 
7fea3070d000-7fea30715000 r-xp 00000000 08:02 2894799                    /usr/lib/jvm/java-8-openjdk-amd64/jre/lib/amd64/libzip.so
7fea30715000-7fea30914000 ---p 00008000 08:02 2894799                    /usr/lib/jvm/java-8-openjdk-amd64/jre/lib/amd64/libzip.so
7fea30914000-7fea30915000 r--p 00007000 08:02 2894799                    /usr/lib/jvm/java-8-openjdk-amd64/jre/lib/amd64/libzip.so
7fea30915000-7fea30916000 rw-p 00008000 08:02 2894799                    /usr/lib/jvm/java-8-openjdk-amd64/jre/lib/amd64/libzip.so
7fea30916000-7fea30921000 r-xp 00000000 08:02 529217                     /lib/x86_64-linux-gnu/libnss_files-2.23.so
7fea30921000-7fea30b20000 ---p 0000b000 08:02 529217                     /lib/x86_64-linux-gnu/libnss_files-2.23.so
7fea30b20000-7fea30b21000 r--p 0000a000 08:02 529217                     /lib/x86_64-linux-gnu/libnss_files-2.23.so
7fea30b21000-7fea30b22000 rw-p 0000b000 08:02 529217                     /lib/x86_64-linux-gnu/libnss_files-2.23.so
7fea30b22000-7fea30b28000 rw-p 00000000 00:00 0 
7fea30b28000-7fea30b33000 r-xp 00000000 08:02 529227                     /lib/x86_64-linux-gnu/libnss_nis-2.23.so
7fea30b33000-7fea30d32000 ---p 0000b000 08:02 529227                     /lib/x86_64-linux-gnu/libnss_nis-2.23.so
7fea30d32000-7fea30d33000 r--p 0000a000 08:02 529227                     /lib/x86_64-linux-gnu/libnss_nis-2.23.so
7fea30d33000-7fea30d34000 rw-p 0000b000 08:02 529227                     /lib/x86_64-linux-gnu/libnss_nis-2.23.so
7fea30d34000-7fea30d4a000 r-xp 00000000 08:02 529211                     /lib/x86_64-linux-gnu/libnsl-2.23.so
7fea30d4a000-7fea30f49000 ---p 00016000 08:02 529211                     /lib/x86_64-linux-gnu/libnsl-2.23.so
7fea30f49000-7fea30f4a000 r--p 00015000 08:02 529211                     /lib/x86_64-linux-gnu/libnsl-2.23.so
7fea30f4a000-7fea30f4b000 rw-p 00016000 08:02 529211                     /lib/x86_64-linux-gnu/libnsl-2.23.so
7fea30f4b000-7fea30f4d000 rw-p 00000000 00:00 0 
7fea30f4d000-7fea30f55000 r-xp 00000000 08:02 529213                     /lib/x86_64-linux-gnu/libnss_compat-2.23.so
7fea30f55000-7fea31154000 ---p 00008000 08:02 529213                     /lib/x86_64-linux-gnu/libnss_compat-2.23.so
7fea31154000-7fea31155000 r--p 00007000 08:02 529213                     /lib/x86_64-linux-gnu/libnss_compat-2.23.so
7fea31155000-7fea31156000 rw-p 00008000 08:02 529213                     /lib/x86_64-linux-gnu/libnss_compat-2.23.so
7fea31156000-7fea31183000 r-xp 00000000 08:02 2894785                    /usr/lib/jvm/java-8-openjdk-amd64/jre/lib/amd64/libjava.so
7fea31183000-7fea31382000 ---p 0002d000 08:02 2894785                    /usr/lib/jvm/java-8-openjdk-amd64/jre/lib/amd64/libjava.so
7fea31382000-7fea31383000 r--p 0002c000 08:02 2894785                    /usr/lib/jvm/java-8-openjdk-amd64/jre/lib/amd64/libjava.so
7fea31383000-7fea31385000 rw-p 0002d000 08:02 2894785                    /usr/lib/jvm/java-8-openjdk-amd64/jre/lib/amd64/libjava.so
7fea31385000-7fea31394000 r-xp 00000000 08:02 2894786                    /usr/lib/jvm/java-8-openjdk-amd64/jre/lib/amd64/libverify.so
7fea31394000-7fea31593000 ---p 0000f000 08:02 2894786                    /usr/lib/jvm/java-8-openjdk-amd64/jre/lib/amd64/libverify.so
7fea31593000-7fea31595000 r--p 0000e000 08:02 2894786                    /usr/lib/jvm/java-8-openjdk-amd64/jre/lib/amd64/libverify.so
7fea31595000-7fea31596000 rw-p 00010000 08:02 2894786                    /usr/lib/jvm/java-8-openjdk-amd64/jre/lib/amd64/libverify.so
7fea31596000-7fea3159d000 r-xp 00000000 08:02 529272                     /lib/x86_64-linux-gnu/librt-2.23.so
7fea3159d000-7fea3179c000 ---p 00007000 08:02 529272                     /lib/x86_64-linux-gnu/librt-2.23.so
7fea3179c000-7fea3179d000 r--p 00006000 08:02 529272                     /lib/x86_64-linux-gnu/librt-2.23.so
7fea3179d000-7fea3179e000 rw-p 00007000 08:02 529272                     /lib/x86_64-linux-gnu/librt-2.23.so
7fea3179e000-7fea317b4000 r-xp 00000000 08:02 529156                     /lib/x86_64-linux-gnu/libgcc_s.so.1
7fea317b4000-7fea319b3000 ---p 00016000 08:02 529156                     /lib/x86_64-linux-gnu/libgcc_s.so.1
7fea319b3000-7fea319b4000 rw-p 00015000 08:02 529156                     /lib/x86_64-linux-gnu/libgcc_s.so.1
7fea319b4000-7fea31abc000 r-xp 00000000 08:02 529188                     /lib/x86_64-linux-gnu/libm-2.23.so
7fea31abc000-7fea31cbb000 ---p 00108000 08:02 529188                     /lib/x86_64-linux-gnu/libm-2.23.so
7fea31cbb000-7fea31cbc000 r--p 00107000 08:02 529188                     /lib/x86_64-linux-gnu/libm-2.23.so
7fea31cbc000-7fea31cbd000 rw-p 00108000 08:02 529188                     /lib/x86_64-linux-gnu/libm-2.23.so
7fea31cbd000-7fea31e2f000 r-xp 00000000 08:02 2883916                    /usr/lib/x86_64-linux-gnu/libstdc++.so.6.0.21
7fea31e2f000-7fea3202f000 ---p 00172000 08:02 2883916                    /usr/lib/x86_64-linux-gnu/libstdc++.so.6.0.21
7fea3202f000-7fea32039000 r--p 00172000 08:02 2883916                    /usr/lib/x86_64-linux-gnu/libstdc++.so.6.0.21
7fea32039000-7fea3203b000 rw-p 0017c000 08:02 2883916                    /usr/lib/x86_64-linux-gnu/libstdc++.so.6.0.21
7fea3203b000-7fea3203f000 rw-p 00000000 00:00 0 
7fea3203f000-7fea32c85000 r-xp 00000000 08:02 2894797                    /usr/lib/jvm/java-8-openjdk-amd64/jre/lib/amd64/server/libjvm.so
7fea32c85000-7fea32e85000 ---p 00c46000 08:02 2894797                    /usr/lib/jvm/java-8-openjdk-amd64/jre/lib/amd64/server/libjvm.so
7fea32e85000-7fea32f18000 r--p 00c46000 08:02 2894797                    /usr/lib/jvm/java-8-openjdk-amd64/jre/lib/amd64/server/libjvm.so
7fea32f18000-7fea32f40000 rw-p 00cd9000 08:02 2894797                    /usr/lib/jvm/java-8-openjdk-amd64/jre/lib/amd64/server/libjvm.so
7fea32f40000-7fea32f70000 rw-p 00000000 00:00 0 
7fea32f70000-7fea32f88000 r-xp 00000000 08:02 529264                     /lib/x86_64-linux-gnu/libpthread-2.23.so
7fea32f88000-7fea33187000 ---p 00018000 08:02 529264                     /lib/x86_64-linux-gnu/libpthread-2.23.so
7fea33187000-7fea33188000 r--p 00017000 08:02 529264                     /lib/x86_64-linux-gnu/libpthread-2.23.so
7fea33188000-7fea33189000 rw-p 00018000 08:02 529264                     /lib/x86_64-linux-gnu/libpthread-2.23.so
7fea33189000-7fea3318d000 rw-p 00000000 00:00 0 
7fea3318d000-7fea33190000 r-xp 00000000 08:02 529142                     /lib/x86_64-linux-gnu/libdl-2.23.so
7fea33190000-7fea3338f000 ---p 00003000 08:02 529142                     /lib/x86_64-linux-gnu/libdl-2.23.so
7fea3338f000-7fea33390000 r--p 00002000 08:02 529142                     /lib/x86_64-linux-gnu/libdl-2.23.so
7fea33390000-7fea33391000 rw-p 00003000 08:02 529142                     /lib/x86_64-linux-gnu/libdl-2.23.so
7fea33391000-7fea333aa000 r-xp 00000000 08:02 529309                     /lib/x86_64-linux-gnu/libz.so.1.2.8
7fea333aa000-7fea335a9000 ---p 00019000 08:02 529309                     /lib/x86_64-linux-gnu/libz.so.1.2.8
7fea335a9000-7fea335aa000 r--p 00018000 08:02 529309                     /lib/x86_64-linux-gnu/libz.so.1.2.8
7fea335aa000-7fea335ab000 rw-p 00019000 08:02 529309                     /lib/x86_64-linux-gnu/libz.so.1.2.8
7fea335ab000-7fea3376b000 r-xp 00000000 08:02 529118                     /lib/x86_64-linux-gnu/libc-2.23.so
7fea3376b000-7fea3396a000 ---p 001c0000 08:02 529118                     /lib/x86_64-linux-gnu/libc-2.23.so
7fea3396a000-7fea3396e000 r--p 001bf000 08:02 529118                     /lib/x86_64-linux-gnu/libc-2.23.so
7fea3396e000-7fea33970000 rw-p 001c3000 08:02 529118                     /lib/x86_64-linux-gnu/libc-2.23.so
7fea33970000-7fea33974000 rw-p 00000000 00:00 0 
7fea33974000-7fea33981000 r-xp 00000000 08:02 2894812                    /usr/lib/jvm/java-8-openjdk-amd64/jre/lib/amd64/jli/libjli.so
7fea33981000-7fea33b81000 ---p 0000d000 08:02 2894812                    /usr/lib/jvm/java-8-openjdk-amd64/jre/lib/amd64/jli/libjli.so
7fea33b81000-7fea33b82000 r--p 0000d000 08:02 2894812                    /usr/lib/jvm/java-8-openjdk-amd64/jre/lib/amd64/jli/libjli.so
7fea33b82000-7fea33b83000 rw-p 0000e000 08:02 2894812                    /usr/lib/jvm/java-8-openjdk-amd64/jre/lib/amd64/jli/libjli.so
7fea33b83000-7fea33ba9000 r-xp 00000000 08:02 529090                     /lib/x86_64-linux-gnu/ld-2.23.so
7fea33ba9000-7fea33bac000 r--s 0000f000 08:02 2894844                    /usr/lib/jvm/java-8-openjdk-amd64/jre/lib/ext/icedtea-sound.jar
7fea33bac000-7fea33c85000 rw-p 00000000 00:00 0 
7fea33c85000-7fea33c88000 ---p 00000000 00:00 0 
7fea33c88000-7fea33d8b000 rw-p 00000000 00:00 0 
7fea33d8d000-7fea33d8e000 r--s 0000a000 08:02 2894841                    /usr/lib/jvm/java-8-openjdk-amd64/jre/lib/ext/jaccess.jar
7fea33d8e000-7fea33d98000 r--s 00116000 08:02 2894845                    /usr/lib/jvm/java-8-openjdk-amd64/jre/lib/ext/localedata.jar
7fea33d98000-7fea33d99000 r--s 00008000 08:02 2894840                    /usr/lib/jvm/java-8-openjdk-amd64/jre/lib/ext/sunec.jar
7fea33d99000-7fea33d9b000 r--s 00001000 08:02 2894838                    /usr/lib/jvm/java-8-openjdk-amd64/jre/lib/ext/dnsns.jar
7fea33d9b000-7fea33d9c000 r--s 00010000 08:02 2894842                    /usr/lib/jvm/java-8-openjdk-amd64/jre/lib/ext/zipfs.jar
7fea33d9c000-7fea33da4000 rw-s 00000000 08:02 1581914                    /tmp/hsperfdata_root/7911
7fea33da4000-7fea33da5000 rw-p 00000000 00:00 0 
7fea33da5000-7fea33da6000 ---p 00000000 00:00 0 
7fea33da6000-7fea33da8000 rw-p 00000000 00:00 0 
7fea33da8000-7fea33da9000 r--p 00025000 08:02 529090                     /lib/x86_64-linux-gnu/ld-2.23.so
7fea33da9000-7fea33daa000 rw-p 00026000 08:02 529090                     /lib/x86_64-linux-gnu/ld-2.23.so
7fea33daa000-7fea33dab000 rw-p 00000000 00:00 0 
7fff2331d000-7fff2333e000 rw-p 00000000 00:00 0                          [stack]
7fff233d2000-7fff233d4000 r--p 00000000 00:00 0                          [vvar]
7fff233d4000-7fff233d6000 r-xp 00000000 00:00 0                          [vdso]
ffffffffff600000-ffffffffff601000 r-xp 00000000 00:00 0                  [vsyscall]

VM Arguments:
jvm_args: -Djava.awt.headless=true -Xmx1024M -Dfile.encoding=UTF-8 -Duser.country=US -Duser.language=en -Duser.variant 
java_command: com.android.dx.command.Main --dex --num-threads=4 --output /media/nasimxon/083644FE3644EE6E/PA_WITH_DAGGER/app/build/intermediates/pre-dexed/debug/debug_a614aeeb68dc180b91958c073705d9d7297d530e.jar /media/nasimxon/083644FE3644EE6E/PA_WITH_DAGGER/app/build/intermediates/classes/debug
java_class_path (initial): /media/nasimxon/083644FE3644EE6E/android-sdk-linux/build-tools/23.0.2/lib/dx.jar
Launcher Type: SUN_STANDARD

Environment Variables:
PATH=/usr/local/sbin:/usr/local/bin:/usr/sbin:/usr/bin:/sbin:/bin:/usr/games:/usr/local/games
USERNAME=root
LD_LIBRARY_PATH=/opt/android-studio/bin:
SHELL=/bin/bash
DISPLAY=:0

Signal Handlers:
SIGSEGV: [libjvm.so+0xa5e970], sa_mask[0]=11111111011111111101111111111110, sa_flags=SA_RESTART|SA_SIGINFO
SIGBUS: [libjvm.so+0xa5e970], sa_mask[0]=11111111011111111101111111111110, sa_flags=SA_RESTART|SA_SIGINFO
SIGFPE: [libjvm.so+0x8a9ff0], sa_mask[0]=11111111011111111101111111111110, sa_flags=SA_RESTART|SA_SIGINFO
SIGPIPE: [libjvm.so+0x8a9ff0], sa_mask[0]=11111111011111111101111111111110, sa_flags=SA_RESTART|SA_SIGINFO
SIGXFSZ: [libjvm.so+0x8a9ff0], sa_mask[0]=11111111011111111101111111111110, sa_flags=SA_RESTART|SA_SIGINFO
SIGILL: [libjvm.so+0x8a9ff0], sa_mask[0]=11111111011111111101111111111110, sa_flags=SA_RESTART|SA_SIGINFO
SIGUSR1: SIG_DFL, sa_mask[0]=00000000000000000000000000000000, sa_flags=none
SIGUSR2: [libjvm.so+0x8a9ea0], sa_mask[0]=00100000000000000000000000000000, sa_flags=SA_RESTART|SA_SIGINFO
SIGHUP: [libjvm.so+0x8aa370], sa_mask[0]=11111111011111111101111111111110, sa_flags=SA_RESTART|SA_SIGINFO
SIGINT: [libjvm.so+0x8aa370], sa_mask[0]=11111111011111111101111111111110, sa_flags=SA_RESTART|SA_SIGINFO
SIGTERM: [libjvm.so+0x8aa370], sa_mask[0]=11111111011111111101111111111110, sa_flags=SA_RESTART|SA_SIGINFO
SIGQUIT: [libjvm.so+0x8aa370], sa_mask[0]=11111111011111111101111111111110, sa_flags=SA_RESTART|SA_SIGINFO


---------------  S Y S T E M  ---------------

OS:DISTRIB_ID=Ubuntu
DISTRIB_RELEASE=16.04
DISTRIB_CODENAME=xenial
DISTRIB_DESCRIPTION="Ubuntu 16.04.1 LTS"

uname:Linux 4.4.0-36-generic #55-Ubuntu SMP Thu Aug 11 18:01:55 UTC 2016 x86_64
libc:glibc 2.23 NPTL 2.23 
rlimit: STACK 8192k, CORE 0k, NPROC 14354, NOFILE 65536, AS infinity
load average:2.67 1.69 1.47

/proc/meminfo:
MemTotal:        3713284 kB
MemFree:          108544 kB
MemAvailable:      19136 kB
Buffers:            2432 kB
Cached:           227540 kB
SwapCached:         5300 kB
Active:          2587228 kB
Inactive:         862180 kB
Active(anon):    2579004 kB
Inactive(anon):   842472 kB
Active(file):       8224 kB
Inactive(file):    19708 kB
Unevictable:          32 kB
Mlocked:              32 kB
SwapTotal:        358396 kB
SwapFree:              0 kB
Dirty:                92 kB
Writeback:             0 kB
AnonPages:       3214840 kB
Mapped:            79356 kB
Shmem:            201528 kB
Slab:              73588 kB
SReclaimable:      35336 kB
SUnreclaim:        38252 kB
KernelStack:       10176 kB
PageTables:        38080 kB
NFS_Unstable:          0 kB
Bounce:                0 kB
WritebackTmp:          0 kB
CommitLimit:     2215036 kB
Committed_AS:    7029816 kB
VmallocTotal:   34359738367 kB
VmallocUsed:           0 kB
VmallocChunk:          0 kB
HardwareCorrupted:     0 kB
AnonHugePages:   1243136 kB
CmaTotal:              0 kB
CmaFree:               0 kB
HugePages_Total:       0
HugePages_Free:        0
HugePages_Rsvd:        0
HugePages_Surp:        0
Hugepagesize:       2048 kB
DirectMap4k:      126104 kB
DirectMap2M:     3731456 kB


CPU:total 4 (2 cores per cpu, 2 threads per core) family 6 model 37 stepping 5, cmov, cx8, fxsr, mmx, sse, sse2, sse3, ssse3, sse4.1, sse4.2, popcnt, ht, tsc, tscinvbit

/proc/cpuinfo:
processor	: 0
vendor_id	: GenuineIntel
cpu family	: 6
model		: 37
model name	: Intel(R) Core(TM) i5 CPU       M 480  @ 2.67GHz
stepping	: 5
microcode	: 0x2
cpu MHz		: 2667.000
cache size	: 3072 KB
physical id	: 0
siblings	: 4
core id		: 0
cpu cores	: 2
apicid		: 0
initial apicid	: 0
fpu		: yes
fpu_exception	: yes
cpuid level	: 11
wp		: yes
flags		: fpu vme de pse tsc msr pae mce cx8 apic sep mtrr pge mca cmov pat pse36 clflush dts acpi mmx fxsr sse sse2 ss ht tm pbe syscall nx rdtscp lm constant_tsc arch_perfmon pebs bts rep_good nopl xtopology nonstop_tsc aperfmperf pni dtes64 monitor ds_cpl vmx est tm2 ssse3 cx16 xtpr pdcm pcid sse4_1 sse4_2 popcnt lahf_lm tpr_shadow vnmi flexpriority ept vpid dtherm ida arat
bugs		:
bogomips	: 5319.89
clflush size	: 64
cache_alignment	: 64
address sizes	: 36 bits physical, 48 bits virtual
power management:

processor	: 1
vendor_id	: GenuineIntel
cpu family	: 6
model		: 37
model name	: Intel(R) Core(TM) i5 CPU       M 480  @ 2.67GHz
stepping	: 5
microcode	: 0x2
cpu MHz		: 2667.000
cache size	: 3072 KB
physical id	: 0
siblings	: 4
core id		: 0
cpu cores	: 2
apicid		: 1
initial apicid	: 1
fpu		: yes
fpu_exception	: yes
cpuid level	: 11
wp		: yes
flags		: fpu vme de pse tsc msr pae mce cx8 apic sep mtrr pge mca cmov pat pse36 clflush dts acpi mmx fxsr sse sse2 ss ht tm pbe syscall nx rdtscp lm constant_tsc arch_perfmon pebs bts rep_good nopl xtopology nonstop_tsc aperfmperf pni dtes64 monitor ds_cpl vmx est tm2 ssse3 cx16 xtpr pdcm pcid sse4_1 sse4_2 popcnt lahf_lm tpr_shadow vnmi flexpriority ept vpid dtherm ida arat
bugs		:
bogomips	: 5319.89
clflush size	: 64
cache_alignment	: 64
address sizes	: 36 bits physical, 48 bits virtual
power management:

processor	: 2
vendor_id	: GenuineIntel
cpu family	: 6
model		: 37
model name	: Intel(R) Core(TM) i5 CPU       M 480  @ 2.67GHz
stepping	: 5
microcode	: 0x2
cpu MHz		: 1333.000
cache size	: 3072 KB
physical id	: 0
siblings	: 4
core id		: 2
cpu cores	: 2
apicid		: 4
initial apicid	: 4
fpu		: yes
fpu_exception	: yes
cpuid level	: 11
wp		: yes
flags		: fpu vme de pse tsc msr pae mce cx8 apic sep mtrr pge mca cmov pat pse36 clflush dts acpi mmx fxsr sse sse2 ss ht tm pbe syscall nx rdtscp lm constant_tsc arch_perfmon pebs bts rep_good nopl xtopology nonstop_tsc aperfmperf pni dtes64 monitor ds_cpl vmx est tm2 ssse3 cx16 xtpr pdcm pcid sse4_1 sse4_2 popcnt lahf_lm tpr_shadow vnmi flexpriority ept vpid dtherm ida arat
bugs		:
bogomips	: 5319.89
clflush size	: 64
cache_alignment	: 64
address sizes	: 36 bits physical, 48 bits virtual
power management:

processor	: 3
vendor_id	: GenuineIntel
cpu family	: 6
model		: 37
model name	: Intel(R) Core(TM) i5 CPU       M 480  @ 2.67GHz
stepping	: 5
microcode	: 0x2
cpu MHz		: 1866.000
cache size	: 3072 KB
physical id	: 0
siblings	: 4
core id		: 2
cpu cores	: 2
apicid		: 5
initial apicid	: 5
fpu		: yes
fpu_exception	: yes
cpuid level	: 11
wp		: yes
flags		: fpu vme de pse tsc msr pae mce cx8 apic sep mtrr pge mca cmov pat pse36 clflush dts acpi mmx fxsr sse sse2 ss ht tm pbe syscall nx rdtscp lm constant_tsc arch_perfmon pebs bts rep_good nopl xtopology nonstop_tsc aperfmperf pni dtes64 monitor ds_cpl vmx est tm2 ssse3 cx16 xtpr pdcm pcid sse4_1 sse4_2 popcnt lahf_lm tpr_shadow vnmi flexpriority ept vpid dtherm ida arat
bugs		:
bogomips	: 5319.89
clflush size	: 64
cache_alignment	: 64
address sizes	: 36 bits physical, 48 bits virtual
power management:



Memory: 4k page, physical 3713284k(108544k free), swap 358396k(0k free)

vm_info: OpenJDK 64-Bit Server VM (25.91-b14) for linux-amd64 JRE (1.8.0_91-8u91-b14-3ubuntu1~16.04.1-b14), built on Jul 21 2016 04:13:34 by "buildd" with gcc 5.3.1 20160413

time: Wed Sep  7 12:02:29 2016
elapsed time: 17 seconds (0d 0h 0m 17s)

